2021-09-12 09:49:14,276 - agents.Base_Agent - INFO - 0 -- CartPole
2021-09-12 09:49:14,276 - agents.Base_Agent - INFO - 1 -- DISCRETE
2021-09-12 09:49:14,276 - agents.Base_Agent - INFO - 2 -- 2
2021-09-12 09:49:14,276 - agents.Base_Agent - INFO - 3 -- None
2021-09-12 09:49:14,276 - agents.Base_Agent - INFO - 4 -- 4
2021-09-12 09:49:14,276 - agents.Base_Agent - INFO - 5 -- {'learning_rate': 0.005, 'linear_hidden_units': [20, 10], 'final_layer_activation': ['SOFTMAX', None], 'gradient_clipping_norm': 5.0, 'discount_rate': 0.99, 'epsilon_decay_rate_denominator': 1.0, 'normalise_rewards': True, 'exploration_worker_difference': 2.0, 'clip_rewards': False, 'Actor': {'learning_rate': 0.0003, 'linear_hidden_units': [64, 64], 'final_layer_activation': 'Softmax', 'batch_norm': False, 'tau': 0.005, 'gradient_clipping_norm': 5, 'initialiser': 'Xavier'}, 'Critic': {'learning_rate': 0.0003, 'linear_hidden_units': [64, 64], 'final_layer_activation': None, 'batch_norm': False, 'buffer_size': 1000000, 'tau': 0.005, 'gradient_clipping_norm': 5, 'initialiser': 'Xavier'}, 'min_steps_before_learning': 400, 'batch_size': 256, 'mu': 0.0, 'theta': 0.15, 'sigma': 0.25, 'action_noise_std': 0.2, 'action_noise_clipping_range': 0.5, 'update_every_n_steps': 1, 'learning_updates_per_learning_session': 1, 'automatically_tune_entropy_hyperparameter': True, 'entropy_term_weight': None, 'add_extra_noise': False, 'do_evaluation_iterations': True}
2021-09-12 09:49:14,276 - agents.Base_Agent - INFO - 6 -- 195.0
2021-09-12 09:49:14,276 - agents.Base_Agent - INFO - 7 -- 100
2021-09-12 09:49:14,276 - agents.Base_Agent - INFO - 8 -- cpu
2021-09-12 09:49:33,796 - agents.Base_Agent - INFO - 0 -- CartPole
2021-09-12 09:49:33,796 - agents.Base_Agent - INFO - 0 -- CartPole
2021-09-12 09:49:33,796 - agents.Base_Agent - INFO - 1 -- DISCRETE
2021-09-12 09:49:33,796 - agents.Base_Agent - INFO - 1 -- DISCRETE
2021-09-12 09:49:33,796 - agents.Base_Agent - INFO - 2 -- 2
2021-09-12 09:49:33,796 - agents.Base_Agent - INFO - 2 -- 2
2021-09-12 09:49:33,796 - agents.Base_Agent - INFO - 3 -- None
2021-09-12 09:49:33,796 - agents.Base_Agent - INFO - 3 -- None
2021-09-12 09:49:33,796 - agents.Base_Agent - INFO - 4 -- 4
2021-09-12 09:49:33,796 - agents.Base_Agent - INFO - 4 -- 4
2021-09-12 09:49:33,796 - agents.Base_Agent - INFO - 5 -- {'learning_rate': 0.005, 'linear_hidden_units': [20, 10], 'final_layer_activation': ['SOFTMAX', None], 'gradient_clipping_norm': 5.0, 'discount_rate': 0.99, 'epsilon_decay_rate_denominator': 1.0, 'normalise_rewards': True, 'exploration_worker_difference': 2.0, 'clip_rewards': False, 'Actor': {'learning_rate': 0.0003, 'linear_hidden_units': [64, 64], 'final_layer_activation': 'Softmax', 'batch_norm': False, 'tau': 0.005, 'gradient_clipping_norm': 5, 'initialiser': 'Xavier'}, 'Critic': {'learning_rate': 0.0003, 'linear_hidden_units': [64, 64], 'final_layer_activation': None, 'batch_norm': False, 'buffer_size': 1000000, 'tau': 0.005, 'gradient_clipping_norm': 5, 'initialiser': 'Xavier'}, 'min_steps_before_learning': 400, 'batch_size': 256, 'mu': 0.0, 'theta': 0.15, 'sigma': 0.25, 'action_noise_std': 0.2, 'action_noise_clipping_range': 0.5, 'update_every_n_steps': 1, 'learning_updates_per_learning_session': 1, 'automatically_tune_entropy_hyperparameter': True, 'entropy_term_weight': None, 'add_extra_noise': False, 'do_evaluation_iterations': True}
2021-09-12 09:49:33,796 - agents.Base_Agent - INFO - 5 -- {'learning_rate': 0.005, 'linear_hidden_units': [20, 10], 'final_layer_activation': ['SOFTMAX', None], 'gradient_clipping_norm': 5.0, 'discount_rate': 0.99, 'epsilon_decay_rate_denominator': 1.0, 'normalise_rewards': True, 'exploration_worker_difference': 2.0, 'clip_rewards': False, 'Actor': {'learning_rate': 0.0003, 'linear_hidden_units': [64, 64], 'final_layer_activation': 'Softmax', 'batch_norm': False, 'tau': 0.005, 'gradient_clipping_norm': 5, 'initialiser': 'Xavier'}, 'Critic': {'learning_rate': 0.0003, 'linear_hidden_units': [64, 64], 'final_layer_activation': None, 'batch_norm': False, 'buffer_size': 1000000, 'tau': 0.005, 'gradient_clipping_norm': 5, 'initialiser': 'Xavier'}, 'min_steps_before_learning': 400, 'batch_size': 256, 'mu': 0.0, 'theta': 0.15, 'sigma': 0.25, 'action_noise_std': 0.2, 'action_noise_clipping_range': 0.5, 'update_every_n_steps': 1, 'learning_updates_per_learning_session': 1, 'automatically_tune_entropy_hyperparameter': True, 'entropy_term_weight': None, 'add_extra_noise': False, 'do_evaluation_iterations': True}
2021-09-12 09:49:33,796 - agents.Base_Agent - INFO - 6 -- 195.0
2021-09-12 09:49:33,796 - agents.Base_Agent - INFO - 6 -- 195.0
2021-09-12 09:49:33,796 - agents.Base_Agent - INFO - 7 -- 100
2021-09-12 09:49:33,796 - agents.Base_Agent - INFO - 7 -- 100
2021-09-12 09:49:33,796 - agents.Base_Agent - INFO - 8 -- cpu
2021-09-12 09:49:33,796 - agents.Base_Agent - INFO - 8 -- cpu
2021-09-12 09:49:53,039 - agents.Base_Agent - INFO - 0 -- CartPole
2021-09-12 09:49:53,039 - agents.Base_Agent - INFO - 0 -- CartPole
2021-09-12 09:49:53,039 - agents.Base_Agent - INFO - 0 -- CartPole
2021-09-12 09:49:53,039 - agents.Base_Agent - INFO - 1 -- DISCRETE
2021-09-12 09:49:53,039 - agents.Base_Agent - INFO - 1 -- DISCRETE
2021-09-12 09:49:53,039 - agents.Base_Agent - INFO - 1 -- DISCRETE
2021-09-12 09:49:53,039 - agents.Base_Agent - INFO - 2 -- 2
2021-09-12 09:49:53,039 - agents.Base_Agent - INFO - 2 -- 2
2021-09-12 09:49:53,039 - agents.Base_Agent - INFO - 2 -- 2
2021-09-12 09:49:53,039 - agents.Base_Agent - INFO - 3 -- None
2021-09-12 09:49:53,039 - agents.Base_Agent - INFO - 3 -- None
2021-09-12 09:49:53,039 - agents.Base_Agent - INFO - 3 -- None
2021-09-12 09:49:53,039 - agents.Base_Agent - INFO - 4 -- 4
2021-09-12 09:49:53,039 - agents.Base_Agent - INFO - 4 -- 4
2021-09-12 09:49:53,039 - agents.Base_Agent - INFO - 4 -- 4
2021-09-12 09:49:53,039 - agents.Base_Agent - INFO - 5 -- {'learning_rate': 0.005, 'linear_hidden_units': [20, 10], 'final_layer_activation': ['SOFTMAX', None], 'gradient_clipping_norm': 5.0, 'discount_rate': 0.99, 'epsilon_decay_rate_denominator': 1.0, 'normalise_rewards': True, 'exploration_worker_difference': 2.0, 'clip_rewards': False, 'Actor': {'learning_rate': 0.0003, 'linear_hidden_units': [64, 64], 'final_layer_activation': 'Softmax', 'batch_norm': False, 'tau': 0.005, 'gradient_clipping_norm': 5, 'initialiser': 'Xavier'}, 'Critic': {'learning_rate': 0.0003, 'linear_hidden_units': [64, 64], 'final_layer_activation': None, 'batch_norm': False, 'buffer_size': 1000000, 'tau': 0.005, 'gradient_clipping_norm': 5, 'initialiser': 'Xavier'}, 'min_steps_before_learning': 400, 'batch_size': 256, 'mu': 0.0, 'theta': 0.15, 'sigma': 0.25, 'action_noise_std': 0.2, 'action_noise_clipping_range': 0.5, 'update_every_n_steps': 1, 'learning_updates_per_learning_session': 1, 'automatically_tune_entropy_hyperparameter': True, 'entropy_term_weight': None, 'add_extra_noise': False, 'do_evaluation_iterations': True}
2021-09-12 09:49:53,039 - agents.Base_Agent - INFO - 5 -- {'learning_rate': 0.005, 'linear_hidden_units': [20, 10], 'final_layer_activation': ['SOFTMAX', None], 'gradient_clipping_norm': 5.0, 'discount_rate': 0.99, 'epsilon_decay_rate_denominator': 1.0, 'normalise_rewards': True, 'exploration_worker_difference': 2.0, 'clip_rewards': False, 'Actor': {'learning_rate': 0.0003, 'linear_hidden_units': [64, 64], 'final_layer_activation': 'Softmax', 'batch_norm': False, 'tau': 0.005, 'gradient_clipping_norm': 5, 'initialiser': 'Xavier'}, 'Critic': {'learning_rate': 0.0003, 'linear_hidden_units': [64, 64], 'final_layer_activation': None, 'batch_norm': False, 'buffer_size': 1000000, 'tau': 0.005, 'gradient_clipping_norm': 5, 'initialiser': 'Xavier'}, 'min_steps_before_learning': 400, 'batch_size': 256, 'mu': 0.0, 'theta': 0.15, 'sigma': 0.25, 'action_noise_std': 0.2, 'action_noise_clipping_range': 0.5, 'update_every_n_steps': 1, 'learning_updates_per_learning_session': 1, 'automatically_tune_entropy_hyperparameter': True, 'entropy_term_weight': None, 'add_extra_noise': False, 'do_evaluation_iterations': True}
2021-09-12 09:49:53,039 - agents.Base_Agent - INFO - 5 -- {'learning_rate': 0.005, 'linear_hidden_units': [20, 10], 'final_layer_activation': ['SOFTMAX', None], 'gradient_clipping_norm': 5.0, 'discount_rate': 0.99, 'epsilon_decay_rate_denominator': 1.0, 'normalise_rewards': True, 'exploration_worker_difference': 2.0, 'clip_rewards': False, 'Actor': {'learning_rate': 0.0003, 'linear_hidden_units': [64, 64], 'final_layer_activation': 'Softmax', 'batch_norm': False, 'tau': 0.005, 'gradient_clipping_norm': 5, 'initialiser': 'Xavier'}, 'Critic': {'learning_rate': 0.0003, 'linear_hidden_units': [64, 64], 'final_layer_activation': None, 'batch_norm': False, 'buffer_size': 1000000, 'tau': 0.005, 'gradient_clipping_norm': 5, 'initialiser': 'Xavier'}, 'min_steps_before_learning': 400, 'batch_size': 256, 'mu': 0.0, 'theta': 0.15, 'sigma': 0.25, 'action_noise_std': 0.2, 'action_noise_clipping_range': 0.5, 'update_every_n_steps': 1, 'learning_updates_per_learning_session': 1, 'automatically_tune_entropy_hyperparameter': True, 'entropy_term_weight': None, 'add_extra_noise': False, 'do_evaluation_iterations': True}
2021-09-12 09:49:53,040 - agents.Base_Agent - INFO - 6 -- 195.0
2021-09-12 09:49:53,040 - agents.Base_Agent - INFO - 6 -- 195.0
2021-09-12 09:49:53,040 - agents.Base_Agent - INFO - 6 -- 195.0
2021-09-12 09:49:53,040 - agents.Base_Agent - INFO - 7 -- 100
2021-09-12 09:49:53,040 - agents.Base_Agent - INFO - 7 -- 100
2021-09-12 09:49:53,040 - agents.Base_Agent - INFO - 7 -- 100
2021-09-12 09:49:53,040 - agents.Base_Agent - INFO - 8 -- cpu
2021-09-12 09:49:53,040 - agents.Base_Agent - INFO - 8 -- cpu
2021-09-12 09:49:53,040 - agents.Base_Agent - INFO - 8 -- cpu
2021-09-12 09:50:12,128 - agents.Base_Agent - INFO - 0 -- CartPole
2021-09-12 09:50:12,128 - agents.Base_Agent - INFO - 0 -- CartPole
2021-09-12 09:50:12,128 - agents.Base_Agent - INFO - 0 -- CartPole
2021-09-12 09:50:12,128 - agents.Base_Agent - INFO - 0 -- CartPole
2021-09-12 09:50:12,129 - agents.Base_Agent - INFO - 1 -- DISCRETE
2021-09-12 09:50:12,129 - agents.Base_Agent - INFO - 1 -- DISCRETE
2021-09-12 09:50:12,129 - agents.Base_Agent - INFO - 1 -- DISCRETE
2021-09-12 09:50:12,129 - agents.Base_Agent - INFO - 1 -- DISCRETE
2021-09-12 09:50:12,129 - agents.Base_Agent - INFO - 2 -- 2
2021-09-12 09:50:12,129 - agents.Base_Agent - INFO - 2 -- 2
2021-09-12 09:50:12,129 - agents.Base_Agent - INFO - 2 -- 2
2021-09-12 09:50:12,129 - agents.Base_Agent - INFO - 2 -- 2
2021-09-12 09:50:12,129 - agents.Base_Agent - INFO - 3 -- None
2021-09-12 09:50:12,129 - agents.Base_Agent - INFO - 3 -- None
2021-09-12 09:50:12,129 - agents.Base_Agent - INFO - 3 -- None
2021-09-12 09:50:12,129 - agents.Base_Agent - INFO - 3 -- None
2021-09-12 09:50:12,129 - agents.Base_Agent - INFO - 4 -- 4
2021-09-12 09:50:12,129 - agents.Base_Agent - INFO - 4 -- 4
2021-09-12 09:50:12,129 - agents.Base_Agent - INFO - 4 -- 4
2021-09-12 09:50:12,129 - agents.Base_Agent - INFO - 4 -- 4
2021-09-12 09:50:12,129 - agents.Base_Agent - INFO - 5 -- {'learning_rate': 0.005, 'linear_hidden_units': [20, 10], 'final_layer_activation': ['SOFTMAX', None], 'gradient_clipping_norm': 5.0, 'discount_rate': 0.99, 'epsilon_decay_rate_denominator': 1.0, 'normalise_rewards': True, 'exploration_worker_difference': 2.0, 'clip_rewards': False, 'Actor': {'learning_rate': 0.0003, 'linear_hidden_units': [64, 64], 'final_layer_activation': 'Softmax', 'batch_norm': False, 'tau': 0.005, 'gradient_clipping_norm': 5, 'initialiser': 'Xavier'}, 'Critic': {'learning_rate': 0.0003, 'linear_hidden_units': [64, 64], 'final_layer_activation': None, 'batch_norm': False, 'buffer_size': 1000000, 'tau': 0.005, 'gradient_clipping_norm': 5, 'initialiser': 'Xavier'}, 'min_steps_before_learning': 400, 'batch_size': 256, 'mu': 0.0, 'theta': 0.15, 'sigma': 0.25, 'action_noise_std': 0.2, 'action_noise_clipping_range': 0.5, 'update_every_n_steps': 1, 'learning_updates_per_learning_session': 1, 'automatically_tune_entropy_hyperparameter': True, 'entropy_term_weight': None, 'add_extra_noise': False, 'do_evaluation_iterations': True}
2021-09-12 09:50:12,129 - agents.Base_Agent - INFO - 5 -- {'learning_rate': 0.005, 'linear_hidden_units': [20, 10], 'final_layer_activation': ['SOFTMAX', None], 'gradient_clipping_norm': 5.0, 'discount_rate': 0.99, 'epsilon_decay_rate_denominator': 1.0, 'normalise_rewards': True, 'exploration_worker_difference': 2.0, 'clip_rewards': False, 'Actor': {'learning_rate': 0.0003, 'linear_hidden_units': [64, 64], 'final_layer_activation': 'Softmax', 'batch_norm': False, 'tau': 0.005, 'gradient_clipping_norm': 5, 'initialiser': 'Xavier'}, 'Critic': {'learning_rate': 0.0003, 'linear_hidden_units': [64, 64], 'final_layer_activation': None, 'batch_norm': False, 'buffer_size': 1000000, 'tau': 0.005, 'gradient_clipping_norm': 5, 'initialiser': 'Xavier'}, 'min_steps_before_learning': 400, 'batch_size': 256, 'mu': 0.0, 'theta': 0.15, 'sigma': 0.25, 'action_noise_std': 0.2, 'action_noise_clipping_range': 0.5, 'update_every_n_steps': 1, 'learning_updates_per_learning_session': 1, 'automatically_tune_entropy_hyperparameter': True, 'entropy_term_weight': None, 'add_extra_noise': False, 'do_evaluation_iterations': True}
2021-09-12 09:50:12,129 - agents.Base_Agent - INFO - 5 -- {'learning_rate': 0.005, 'linear_hidden_units': [20, 10], 'final_layer_activation': ['SOFTMAX', None], 'gradient_clipping_norm': 5.0, 'discount_rate': 0.99, 'epsilon_decay_rate_denominator': 1.0, 'normalise_rewards': True, 'exploration_worker_difference': 2.0, 'clip_rewards': False, 'Actor': {'learning_rate': 0.0003, 'linear_hidden_units': [64, 64], 'final_layer_activation': 'Softmax', 'batch_norm': False, 'tau': 0.005, 'gradient_clipping_norm': 5, 'initialiser': 'Xavier'}, 'Critic': {'learning_rate': 0.0003, 'linear_hidden_units': [64, 64], 'final_layer_activation': None, 'batch_norm': False, 'buffer_size': 1000000, 'tau': 0.005, 'gradient_clipping_norm': 5, 'initialiser': 'Xavier'}, 'min_steps_before_learning': 400, 'batch_size': 256, 'mu': 0.0, 'theta': 0.15, 'sigma': 0.25, 'action_noise_std': 0.2, 'action_noise_clipping_range': 0.5, 'update_every_n_steps': 1, 'learning_updates_per_learning_session': 1, 'automatically_tune_entropy_hyperparameter': True, 'entropy_term_weight': None, 'add_extra_noise': False, 'do_evaluation_iterations': True}
2021-09-12 09:50:12,129 - agents.Base_Agent - INFO - 5 -- {'learning_rate': 0.005, 'linear_hidden_units': [20, 10], 'final_layer_activation': ['SOFTMAX', None], 'gradient_clipping_norm': 5.0, 'discount_rate': 0.99, 'epsilon_decay_rate_denominator': 1.0, 'normalise_rewards': True, 'exploration_worker_difference': 2.0, 'clip_rewards': False, 'Actor': {'learning_rate': 0.0003, 'linear_hidden_units': [64, 64], 'final_layer_activation': 'Softmax', 'batch_norm': False, 'tau': 0.005, 'gradient_clipping_norm': 5, 'initialiser': 'Xavier'}, 'Critic': {'learning_rate': 0.0003, 'linear_hidden_units': [64, 64], 'final_layer_activation': None, 'batch_norm': False, 'buffer_size': 1000000, 'tau': 0.005, 'gradient_clipping_norm': 5, 'initialiser': 'Xavier'}, 'min_steps_before_learning': 400, 'batch_size': 256, 'mu': 0.0, 'theta': 0.15, 'sigma': 0.25, 'action_noise_std': 0.2, 'action_noise_clipping_range': 0.5, 'update_every_n_steps': 1, 'learning_updates_per_learning_session': 1, 'automatically_tune_entropy_hyperparameter': True, 'entropy_term_weight': None, 'add_extra_noise': False, 'do_evaluation_iterations': True}
2021-09-12 09:50:12,129 - agents.Base_Agent - INFO - 6 -- 195.0
2021-09-12 09:50:12,129 - agents.Base_Agent - INFO - 6 -- 195.0
2021-09-12 09:50:12,129 - agents.Base_Agent - INFO - 6 -- 195.0
2021-09-12 09:50:12,129 - agents.Base_Agent - INFO - 6 -- 195.0
2021-09-12 09:50:12,129 - agents.Base_Agent - INFO - 7 -- 100
2021-09-12 09:50:12,129 - agents.Base_Agent - INFO - 7 -- 100
2021-09-12 09:50:12,129 - agents.Base_Agent - INFO - 7 -- 100
2021-09-12 09:50:12,129 - agents.Base_Agent - INFO - 7 -- 100
2021-09-12 09:50:12,130 - agents.Base_Agent - INFO - 8 -- cpu
2021-09-12 09:50:12,130 - agents.Base_Agent - INFO - 8 -- cpu
2021-09-12 09:50:12,130 - agents.Base_Agent - INFO - 8 -- cpu
2021-09-12 09:50:12,130 - agents.Base_Agent - INFO - 8 -- cpu
2021-09-12 09:50:31,033 - agents.Base_Agent - INFO - 0 -- CartPole
2021-09-12 09:50:31,033 - agents.Base_Agent - INFO - 0 -- CartPole
2021-09-12 09:50:31,033 - agents.Base_Agent - INFO - 0 -- CartPole
2021-09-12 09:50:31,033 - agents.Base_Agent - INFO - 0 -- CartPole
2021-09-12 09:50:31,033 - agents.Base_Agent - INFO - 0 -- CartPole
2021-09-12 09:50:31,033 - agents.Base_Agent - INFO - 1 -- DISCRETE
2021-09-12 09:50:31,033 - agents.Base_Agent - INFO - 1 -- DISCRETE
2021-09-12 09:50:31,033 - agents.Base_Agent - INFO - 1 -- DISCRETE
2021-09-12 09:50:31,033 - agents.Base_Agent - INFO - 1 -- DISCRETE
2021-09-12 09:50:31,033 - agents.Base_Agent - INFO - 1 -- DISCRETE
2021-09-12 09:50:31,033 - agents.Base_Agent - INFO - 2 -- 2
2021-09-12 09:50:31,033 - agents.Base_Agent - INFO - 2 -- 2
2021-09-12 09:50:31,033 - agents.Base_Agent - INFO - 2 -- 2
2021-09-12 09:50:31,033 - agents.Base_Agent - INFO - 2 -- 2
2021-09-12 09:50:31,033 - agents.Base_Agent - INFO - 2 -- 2
2021-09-12 09:50:31,033 - agents.Base_Agent - INFO - 3 -- None
2021-09-12 09:50:31,033 - agents.Base_Agent - INFO - 3 -- None
2021-09-12 09:50:31,033 - agents.Base_Agent - INFO - 3 -- None
2021-09-12 09:50:31,033 - agents.Base_Agent - INFO - 3 -- None
2021-09-12 09:50:31,033 - agents.Base_Agent - INFO - 3 -- None
2021-09-12 09:50:31,034 - agents.Base_Agent - INFO - 4 -- 4
2021-09-12 09:50:31,034 - agents.Base_Agent - INFO - 4 -- 4
2021-09-12 09:50:31,034 - agents.Base_Agent - INFO - 4 -- 4
2021-09-12 09:50:31,034 - agents.Base_Agent - INFO - 4 -- 4
2021-09-12 09:50:31,034 - agents.Base_Agent - INFO - 4 -- 4
2021-09-12 09:50:31,034 - agents.Base_Agent - INFO - 5 -- {'learning_rate': 0.005, 'linear_hidden_units': [20, 10], 'final_layer_activation': ['SOFTMAX', None], 'gradient_clipping_norm': 5.0, 'discount_rate': 0.99, 'epsilon_decay_rate_denominator': 1.0, 'normalise_rewards': True, 'exploration_worker_difference': 2.0, 'clip_rewards': False, 'Actor': {'learning_rate': 0.0003, 'linear_hidden_units': [64, 64], 'final_layer_activation': 'Softmax', 'batch_norm': False, 'tau': 0.005, 'gradient_clipping_norm': 5, 'initialiser': 'Xavier'}, 'Critic': {'learning_rate': 0.0003, 'linear_hidden_units': [64, 64], 'final_layer_activation': None, 'batch_norm': False, 'buffer_size': 1000000, 'tau': 0.005, 'gradient_clipping_norm': 5, 'initialiser': 'Xavier'}, 'min_steps_before_learning': 400, 'batch_size': 256, 'mu': 0.0, 'theta': 0.15, 'sigma': 0.25, 'action_noise_std': 0.2, 'action_noise_clipping_range': 0.5, 'update_every_n_steps': 1, 'learning_updates_per_learning_session': 1, 'automatically_tune_entropy_hyperparameter': True, 'entropy_term_weight': None, 'add_extra_noise': False, 'do_evaluation_iterations': True}
2021-09-12 09:50:31,034 - agents.Base_Agent - INFO - 5 -- {'learning_rate': 0.005, 'linear_hidden_units': [20, 10], 'final_layer_activation': ['SOFTMAX', None], 'gradient_clipping_norm': 5.0, 'discount_rate': 0.99, 'epsilon_decay_rate_denominator': 1.0, 'normalise_rewards': True, 'exploration_worker_difference': 2.0, 'clip_rewards': False, 'Actor': {'learning_rate': 0.0003, 'linear_hidden_units': [64, 64], 'final_layer_activation': 'Softmax', 'batch_norm': False, 'tau': 0.005, 'gradient_clipping_norm': 5, 'initialiser': 'Xavier'}, 'Critic': {'learning_rate': 0.0003, 'linear_hidden_units': [64, 64], 'final_layer_activation': None, 'batch_norm': False, 'buffer_size': 1000000, 'tau': 0.005, 'gradient_clipping_norm': 5, 'initialiser': 'Xavier'}, 'min_steps_before_learning': 400, 'batch_size': 256, 'mu': 0.0, 'theta': 0.15, 'sigma': 0.25, 'action_noise_std': 0.2, 'action_noise_clipping_range': 0.5, 'update_every_n_steps': 1, 'learning_updates_per_learning_session': 1, 'automatically_tune_entropy_hyperparameter': True, 'entropy_term_weight': None, 'add_extra_noise': False, 'do_evaluation_iterations': True}
2021-09-12 09:50:31,034 - agents.Base_Agent - INFO - 5 -- {'learning_rate': 0.005, 'linear_hidden_units': [20, 10], 'final_layer_activation': ['SOFTMAX', None], 'gradient_clipping_norm': 5.0, 'discount_rate': 0.99, 'epsilon_decay_rate_denominator': 1.0, 'normalise_rewards': True, 'exploration_worker_difference': 2.0, 'clip_rewards': False, 'Actor': {'learning_rate': 0.0003, 'linear_hidden_units': [64, 64], 'final_layer_activation': 'Softmax', 'batch_norm': False, 'tau': 0.005, 'gradient_clipping_norm': 5, 'initialiser': 'Xavier'}, 'Critic': {'learning_rate': 0.0003, 'linear_hidden_units': [64, 64], 'final_layer_activation': None, 'batch_norm': False, 'buffer_size': 1000000, 'tau': 0.005, 'gradient_clipping_norm': 5, 'initialiser': 'Xavier'}, 'min_steps_before_learning': 400, 'batch_size': 256, 'mu': 0.0, 'theta': 0.15, 'sigma': 0.25, 'action_noise_std': 0.2, 'action_noise_clipping_range': 0.5, 'update_every_n_steps': 1, 'learning_updates_per_learning_session': 1, 'automatically_tune_entropy_hyperparameter': True, 'entropy_term_weight': None, 'add_extra_noise': False, 'do_evaluation_iterations': True}
2021-09-12 09:50:31,034 - agents.Base_Agent - INFO - 5 -- {'learning_rate': 0.005, 'linear_hidden_units': [20, 10], 'final_layer_activation': ['SOFTMAX', None], 'gradient_clipping_norm': 5.0, 'discount_rate': 0.99, 'epsilon_decay_rate_denominator': 1.0, 'normalise_rewards': True, 'exploration_worker_difference': 2.0, 'clip_rewards': False, 'Actor': {'learning_rate': 0.0003, 'linear_hidden_units': [64, 64], 'final_layer_activation': 'Softmax', 'batch_norm': False, 'tau': 0.005, 'gradient_clipping_norm': 5, 'initialiser': 'Xavier'}, 'Critic': {'learning_rate': 0.0003, 'linear_hidden_units': [64, 64], 'final_layer_activation': None, 'batch_norm': False, 'buffer_size': 1000000, 'tau': 0.005, 'gradient_clipping_norm': 5, 'initialiser': 'Xavier'}, 'min_steps_before_learning': 400, 'batch_size': 256, 'mu': 0.0, 'theta': 0.15, 'sigma': 0.25, 'action_noise_std': 0.2, 'action_noise_clipping_range': 0.5, 'update_every_n_steps': 1, 'learning_updates_per_learning_session': 1, 'automatically_tune_entropy_hyperparameter': True, 'entropy_term_weight': None, 'add_extra_noise': False, 'do_evaluation_iterations': True}
2021-09-12 09:50:31,034 - agents.Base_Agent - INFO - 5 -- {'learning_rate': 0.005, 'linear_hidden_units': [20, 10], 'final_layer_activation': ['SOFTMAX', None], 'gradient_clipping_norm': 5.0, 'discount_rate': 0.99, 'epsilon_decay_rate_denominator': 1.0, 'normalise_rewards': True, 'exploration_worker_difference': 2.0, 'clip_rewards': False, 'Actor': {'learning_rate': 0.0003, 'linear_hidden_units': [64, 64], 'final_layer_activation': 'Softmax', 'batch_norm': False, 'tau': 0.005, 'gradient_clipping_norm': 5, 'initialiser': 'Xavier'}, 'Critic': {'learning_rate': 0.0003, 'linear_hidden_units': [64, 64], 'final_layer_activation': None, 'batch_norm': False, 'buffer_size': 1000000, 'tau': 0.005, 'gradient_clipping_norm': 5, 'initialiser': 'Xavier'}, 'min_steps_before_learning': 400, 'batch_size': 256, 'mu': 0.0, 'theta': 0.15, 'sigma': 0.25, 'action_noise_std': 0.2, 'action_noise_clipping_range': 0.5, 'update_every_n_steps': 1, 'learning_updates_per_learning_session': 1, 'automatically_tune_entropy_hyperparameter': True, 'entropy_term_weight': None, 'add_extra_noise': False, 'do_evaluation_iterations': True}
2021-09-12 09:50:31,034 - agents.Base_Agent - INFO - 6 -- 195.0
2021-09-12 09:50:31,034 - agents.Base_Agent - INFO - 6 -- 195.0
2021-09-12 09:50:31,034 - agents.Base_Agent - INFO - 6 -- 195.0
2021-09-12 09:50:31,034 - agents.Base_Agent - INFO - 6 -- 195.0
2021-09-12 09:50:31,034 - agents.Base_Agent - INFO - 6 -- 195.0
2021-09-12 09:50:31,034 - agents.Base_Agent - INFO - 7 -- 100
2021-09-12 09:50:31,034 - agents.Base_Agent - INFO - 7 -- 100
2021-09-12 09:50:31,034 - agents.Base_Agent - INFO - 7 -- 100
2021-09-12 09:50:31,034 - agents.Base_Agent - INFO - 7 -- 100
2021-09-12 09:50:31,034 - agents.Base_Agent - INFO - 7 -- 100
2021-09-12 09:50:31,034 - agents.Base_Agent - INFO - 8 -- cpu
2021-09-12 09:50:31,034 - agents.Base_Agent - INFO - 8 -- cpu
2021-09-12 09:50:31,034 - agents.Base_Agent - INFO - 8 -- cpu
2021-09-12 09:50:31,034 - agents.Base_Agent - INFO - 8 -- cpu
2021-09-12 09:50:31,034 - agents.Base_Agent - INFO - 8 -- cpu
2021-09-12 09:50:49,783 - agents.Base_Agent - INFO - 0 -- CartPole
2021-09-12 09:50:49,783 - agents.Base_Agent - INFO - 0 -- CartPole
2021-09-12 09:50:49,783 - agents.Base_Agent - INFO - 0 -- CartPole
2021-09-12 09:50:49,783 - agents.Base_Agent - INFO - 0 -- CartPole
2021-09-12 09:50:49,783 - agents.Base_Agent - INFO - 0 -- CartPole
2021-09-12 09:50:49,783 - agents.Base_Agent - INFO - 0 -- CartPole
2021-09-12 09:50:49,783 - agents.Base_Agent - INFO - 1 -- DISCRETE
2021-09-12 09:50:49,783 - agents.Base_Agent - INFO - 1 -- DISCRETE
2021-09-12 09:50:49,783 - agents.Base_Agent - INFO - 1 -- DISCRETE
2021-09-12 09:50:49,783 - agents.Base_Agent - INFO - 1 -- DISCRETE
2021-09-12 09:50:49,783 - agents.Base_Agent - INFO - 1 -- DISCRETE
2021-09-12 09:50:49,783 - agents.Base_Agent - INFO - 1 -- DISCRETE
2021-09-12 09:50:49,784 - agents.Base_Agent - INFO - 2 -- 2
2021-09-12 09:50:49,784 - agents.Base_Agent - INFO - 2 -- 2
2021-09-12 09:50:49,784 - agents.Base_Agent - INFO - 2 -- 2
2021-09-12 09:50:49,784 - agents.Base_Agent - INFO - 2 -- 2
2021-09-12 09:50:49,784 - agents.Base_Agent - INFO - 2 -- 2
2021-09-12 09:50:49,784 - agents.Base_Agent - INFO - 2 -- 2
2021-09-12 09:50:49,784 - agents.Base_Agent - INFO - 3 -- None
2021-09-12 09:50:49,784 - agents.Base_Agent - INFO - 3 -- None
2021-09-12 09:50:49,784 - agents.Base_Agent - INFO - 3 -- None
2021-09-12 09:50:49,784 - agents.Base_Agent - INFO - 3 -- None
2021-09-12 09:50:49,784 - agents.Base_Agent - INFO - 3 -- None
2021-09-12 09:50:49,784 - agents.Base_Agent - INFO - 3 -- None
2021-09-12 09:50:49,784 - agents.Base_Agent - INFO - 4 -- 4
2021-09-12 09:50:49,784 - agents.Base_Agent - INFO - 4 -- 4
2021-09-12 09:50:49,784 - agents.Base_Agent - INFO - 4 -- 4
2021-09-12 09:50:49,784 - agents.Base_Agent - INFO - 4 -- 4
2021-09-12 09:50:49,784 - agents.Base_Agent - INFO - 4 -- 4
2021-09-12 09:50:49,784 - agents.Base_Agent - INFO - 4 -- 4
2021-09-12 09:50:49,784 - agents.Base_Agent - INFO - 5 -- {'learning_rate': 0.005, 'linear_hidden_units': [20, 10], 'final_layer_activation': ['SOFTMAX', None], 'gradient_clipping_norm': 5.0, 'discount_rate': 0.99, 'epsilon_decay_rate_denominator': 1.0, 'normalise_rewards': True, 'exploration_worker_difference': 2.0, 'clip_rewards': False, 'Actor': {'learning_rate': 0.0003, 'linear_hidden_units': [64, 64], 'final_layer_activation': 'Softmax', 'batch_norm': False, 'tau': 0.005, 'gradient_clipping_norm': 5, 'initialiser': 'Xavier'}, 'Critic': {'learning_rate': 0.0003, 'linear_hidden_units': [64, 64], 'final_layer_activation': None, 'batch_norm': False, 'buffer_size': 1000000, 'tau': 0.005, 'gradient_clipping_norm': 5, 'initialiser': 'Xavier'}, 'min_steps_before_learning': 400, 'batch_size': 256, 'mu': 0.0, 'theta': 0.15, 'sigma': 0.25, 'action_noise_std': 0.2, 'action_noise_clipping_range': 0.5, 'update_every_n_steps': 1, 'learning_updates_per_learning_session': 1, 'automatically_tune_entropy_hyperparameter': True, 'entropy_term_weight': None, 'add_extra_noise': False, 'do_evaluation_iterations': True}
2021-09-12 09:50:49,784 - agents.Base_Agent - INFO - 5 -- {'learning_rate': 0.005, 'linear_hidden_units': [20, 10], 'final_layer_activation': ['SOFTMAX', None], 'gradient_clipping_norm': 5.0, 'discount_rate': 0.99, 'epsilon_decay_rate_denominator': 1.0, 'normalise_rewards': True, 'exploration_worker_difference': 2.0, 'clip_rewards': False, 'Actor': {'learning_rate': 0.0003, 'linear_hidden_units': [64, 64], 'final_layer_activation': 'Softmax', 'batch_norm': False, 'tau': 0.005, 'gradient_clipping_norm': 5, 'initialiser': 'Xavier'}, 'Critic': {'learning_rate': 0.0003, 'linear_hidden_units': [64, 64], 'final_layer_activation': None, 'batch_norm': False, 'buffer_size': 1000000, 'tau': 0.005, 'gradient_clipping_norm': 5, 'initialiser': 'Xavier'}, 'min_steps_before_learning': 400, 'batch_size': 256, 'mu': 0.0, 'theta': 0.15, 'sigma': 0.25, 'action_noise_std': 0.2, 'action_noise_clipping_range': 0.5, 'update_every_n_steps': 1, 'learning_updates_per_learning_session': 1, 'automatically_tune_entropy_hyperparameter': True, 'entropy_term_weight': None, 'add_extra_noise': False, 'do_evaluation_iterations': True}
2021-09-12 09:50:49,784 - agents.Base_Agent - INFO - 5 -- {'learning_rate': 0.005, 'linear_hidden_units': [20, 10], 'final_layer_activation': ['SOFTMAX', None], 'gradient_clipping_norm': 5.0, 'discount_rate': 0.99, 'epsilon_decay_rate_denominator': 1.0, 'normalise_rewards': True, 'exploration_worker_difference': 2.0, 'clip_rewards': False, 'Actor': {'learning_rate': 0.0003, 'linear_hidden_units': [64, 64], 'final_layer_activation': 'Softmax', 'batch_norm': False, 'tau': 0.005, 'gradient_clipping_norm': 5, 'initialiser': 'Xavier'}, 'Critic': {'learning_rate': 0.0003, 'linear_hidden_units': [64, 64], 'final_layer_activation': None, 'batch_norm': False, 'buffer_size': 1000000, 'tau': 0.005, 'gradient_clipping_norm': 5, 'initialiser': 'Xavier'}, 'min_steps_before_learning': 400, 'batch_size': 256, 'mu': 0.0, 'theta': 0.15, 'sigma': 0.25, 'action_noise_std': 0.2, 'action_noise_clipping_range': 0.5, 'update_every_n_steps': 1, 'learning_updates_per_learning_session': 1, 'automatically_tune_entropy_hyperparameter': True, 'entropy_term_weight': None, 'add_extra_noise': False, 'do_evaluation_iterations': True}
2021-09-12 09:50:49,784 - agents.Base_Agent - INFO - 5 -- {'learning_rate': 0.005, 'linear_hidden_units': [20, 10], 'final_layer_activation': ['SOFTMAX', None], 'gradient_clipping_norm': 5.0, 'discount_rate': 0.99, 'epsilon_decay_rate_denominator': 1.0, 'normalise_rewards': True, 'exploration_worker_difference': 2.0, 'clip_rewards': False, 'Actor': {'learning_rate': 0.0003, 'linear_hidden_units': [64, 64], 'final_layer_activation': 'Softmax', 'batch_norm': False, 'tau': 0.005, 'gradient_clipping_norm': 5, 'initialiser': 'Xavier'}, 'Critic': {'learning_rate': 0.0003, 'linear_hidden_units': [64, 64], 'final_layer_activation': None, 'batch_norm': False, 'buffer_size': 1000000, 'tau': 0.005, 'gradient_clipping_norm': 5, 'initialiser': 'Xavier'}, 'min_steps_before_learning': 400, 'batch_size': 256, 'mu': 0.0, 'theta': 0.15, 'sigma': 0.25, 'action_noise_std': 0.2, 'action_noise_clipping_range': 0.5, 'update_every_n_steps': 1, 'learning_updates_per_learning_session': 1, 'automatically_tune_entropy_hyperparameter': True, 'entropy_term_weight': None, 'add_extra_noise': False, 'do_evaluation_iterations': True}
2021-09-12 09:50:49,784 - agents.Base_Agent - INFO - 5 -- {'learning_rate': 0.005, 'linear_hidden_units': [20, 10], 'final_layer_activation': ['SOFTMAX', None], 'gradient_clipping_norm': 5.0, 'discount_rate': 0.99, 'epsilon_decay_rate_denominator': 1.0, 'normalise_rewards': True, 'exploration_worker_difference': 2.0, 'clip_rewards': False, 'Actor': {'learning_rate': 0.0003, 'linear_hidden_units': [64, 64], 'final_layer_activation': 'Softmax', 'batch_norm': False, 'tau': 0.005, 'gradient_clipping_norm': 5, 'initialiser': 'Xavier'}, 'Critic': {'learning_rate': 0.0003, 'linear_hidden_units': [64, 64], 'final_layer_activation': None, 'batch_norm': False, 'buffer_size': 1000000, 'tau': 0.005, 'gradient_clipping_norm': 5, 'initialiser': 'Xavier'}, 'min_steps_before_learning': 400, 'batch_size': 256, 'mu': 0.0, 'theta': 0.15, 'sigma': 0.25, 'action_noise_std': 0.2, 'action_noise_clipping_range': 0.5, 'update_every_n_steps': 1, 'learning_updates_per_learning_session': 1, 'automatically_tune_entropy_hyperparameter': True, 'entropy_term_weight': None, 'add_extra_noise': False, 'do_evaluation_iterations': True}
2021-09-12 09:50:49,784 - agents.Base_Agent - INFO - 5 -- {'learning_rate': 0.005, 'linear_hidden_units': [20, 10], 'final_layer_activation': ['SOFTMAX', None], 'gradient_clipping_norm': 5.0, 'discount_rate': 0.99, 'epsilon_decay_rate_denominator': 1.0, 'normalise_rewards': True, 'exploration_worker_difference': 2.0, 'clip_rewards': False, 'Actor': {'learning_rate': 0.0003, 'linear_hidden_units': [64, 64], 'final_layer_activation': 'Softmax', 'batch_norm': False, 'tau': 0.005, 'gradient_clipping_norm': 5, 'initialiser': 'Xavier'}, 'Critic': {'learning_rate': 0.0003, 'linear_hidden_units': [64, 64], 'final_layer_activation': None, 'batch_norm': False, 'buffer_size': 1000000, 'tau': 0.005, 'gradient_clipping_norm': 5, 'initialiser': 'Xavier'}, 'min_steps_before_learning': 400, 'batch_size': 256, 'mu': 0.0, 'theta': 0.15, 'sigma': 0.25, 'action_noise_std': 0.2, 'action_noise_clipping_range': 0.5, 'update_every_n_steps': 1, 'learning_updates_per_learning_session': 1, 'automatically_tune_entropy_hyperparameter': True, 'entropy_term_weight': None, 'add_extra_noise': False, 'do_evaluation_iterations': True}
2021-09-12 09:50:49,784 - agents.Base_Agent - INFO - 6 -- 195.0
2021-09-12 09:50:49,784 - agents.Base_Agent - INFO - 6 -- 195.0
2021-09-12 09:50:49,784 - agents.Base_Agent - INFO - 6 -- 195.0
2021-09-12 09:50:49,784 - agents.Base_Agent - INFO - 6 -- 195.0
2021-09-12 09:50:49,784 - agents.Base_Agent - INFO - 6 -- 195.0
2021-09-12 09:50:49,784 - agents.Base_Agent - INFO - 6 -- 195.0
2021-09-12 09:50:49,785 - agents.Base_Agent - INFO - 7 -- 100
2021-09-12 09:50:49,785 - agents.Base_Agent - INFO - 7 -- 100
2021-09-12 09:50:49,785 - agents.Base_Agent - INFO - 7 -- 100
2021-09-12 09:50:49,785 - agents.Base_Agent - INFO - 7 -- 100
2021-09-12 09:50:49,785 - agents.Base_Agent - INFO - 7 -- 100
2021-09-12 09:50:49,785 - agents.Base_Agent - INFO - 7 -- 100
2021-09-12 09:50:49,785 - agents.Base_Agent - INFO - 8 -- cpu
2021-09-12 09:50:49,785 - agents.Base_Agent - INFO - 8 -- cpu
2021-09-12 09:50:49,785 - agents.Base_Agent - INFO - 8 -- cpu
2021-09-12 09:50:49,785 - agents.Base_Agent - INFO - 8 -- cpu
2021-09-12 09:50:49,785 - agents.Base_Agent - INFO - 8 -- cpu
2021-09-12 09:50:49,785 - agents.Base_Agent - INFO - 8 -- cpu
2021-09-12 09:51:08,445 - agents.Base_Agent - INFO - 0 -- CartPole
2021-09-12 09:51:08,445 - agents.Base_Agent - INFO - 0 -- CartPole
2021-09-12 09:51:08,445 - agents.Base_Agent - INFO - 0 -- CartPole
2021-09-12 09:51:08,445 - agents.Base_Agent - INFO - 0 -- CartPole
2021-09-12 09:51:08,445 - agents.Base_Agent - INFO - 0 -- CartPole
2021-09-12 09:51:08,445 - agents.Base_Agent - INFO - 0 -- CartPole
2021-09-12 09:51:08,445 - agents.Base_Agent - INFO - 0 -- CartPole
2021-09-12 09:51:08,445 - agents.Base_Agent - INFO - 1 -- DISCRETE
2021-09-12 09:51:08,445 - agents.Base_Agent - INFO - 1 -- DISCRETE
2021-09-12 09:51:08,445 - agents.Base_Agent - INFO - 1 -- DISCRETE
2021-09-12 09:51:08,445 - agents.Base_Agent - INFO - 1 -- DISCRETE
2021-09-12 09:51:08,445 - agents.Base_Agent - INFO - 1 -- DISCRETE
2021-09-12 09:51:08,445 - agents.Base_Agent - INFO - 1 -- DISCRETE
2021-09-12 09:51:08,445 - agents.Base_Agent - INFO - 1 -- DISCRETE
2021-09-12 09:51:08,446 - agents.Base_Agent - INFO - 2 -- 2
2021-09-12 09:51:08,446 - agents.Base_Agent - INFO - 2 -- 2
2021-09-12 09:51:08,446 - agents.Base_Agent - INFO - 2 -- 2
2021-09-12 09:51:08,446 - agents.Base_Agent - INFO - 2 -- 2
2021-09-12 09:51:08,446 - agents.Base_Agent - INFO - 2 -- 2
2021-09-12 09:51:08,446 - agents.Base_Agent - INFO - 2 -- 2
2021-09-12 09:51:08,446 - agents.Base_Agent - INFO - 2 -- 2
2021-09-12 09:51:08,446 - agents.Base_Agent - INFO - 3 -- None
2021-09-12 09:51:08,446 - agents.Base_Agent - INFO - 3 -- None
2021-09-12 09:51:08,446 - agents.Base_Agent - INFO - 3 -- None
2021-09-12 09:51:08,446 - agents.Base_Agent - INFO - 3 -- None
2021-09-12 09:51:08,446 - agents.Base_Agent - INFO - 3 -- None
2021-09-12 09:51:08,446 - agents.Base_Agent - INFO - 3 -- None
2021-09-12 09:51:08,446 - agents.Base_Agent - INFO - 3 -- None
2021-09-12 09:51:08,446 - agents.Base_Agent - INFO - 4 -- 4
2021-09-12 09:51:08,446 - agents.Base_Agent - INFO - 4 -- 4
2021-09-12 09:51:08,446 - agents.Base_Agent - INFO - 4 -- 4
2021-09-12 09:51:08,446 - agents.Base_Agent - INFO - 4 -- 4
2021-09-12 09:51:08,446 - agents.Base_Agent - INFO - 4 -- 4
2021-09-12 09:51:08,446 - agents.Base_Agent - INFO - 4 -- 4
2021-09-12 09:51:08,446 - agents.Base_Agent - INFO - 4 -- 4
2021-09-12 09:51:08,446 - agents.Base_Agent - INFO - 5 -- {'learning_rate': 0.005, 'linear_hidden_units': [20, 10], 'final_layer_activation': ['SOFTMAX', None], 'gradient_clipping_norm': 5.0, 'discount_rate': 0.99, 'epsilon_decay_rate_denominator': 1.0, 'normalise_rewards': True, 'exploration_worker_difference': 2.0, 'clip_rewards': False, 'Actor': {'learning_rate': 0.0003, 'linear_hidden_units': [64, 64], 'final_layer_activation': 'Softmax', 'batch_norm': False, 'tau': 0.005, 'gradient_clipping_norm': 5, 'initialiser': 'Xavier'}, 'Critic': {'learning_rate': 0.0003, 'linear_hidden_units': [64, 64], 'final_layer_activation': None, 'batch_norm': False, 'buffer_size': 1000000, 'tau': 0.005, 'gradient_clipping_norm': 5, 'initialiser': 'Xavier'}, 'min_steps_before_learning': 400, 'batch_size': 256, 'mu': 0.0, 'theta': 0.15, 'sigma': 0.25, 'action_noise_std': 0.2, 'action_noise_clipping_range': 0.5, 'update_every_n_steps': 1, 'learning_updates_per_learning_session': 1, 'automatically_tune_entropy_hyperparameter': True, 'entropy_term_weight': None, 'add_extra_noise': False, 'do_evaluation_iterations': True}
2021-09-12 09:51:08,446 - agents.Base_Agent - INFO - 5 -- {'learning_rate': 0.005, 'linear_hidden_units': [20, 10], 'final_layer_activation': ['SOFTMAX', None], 'gradient_clipping_norm': 5.0, 'discount_rate': 0.99, 'epsilon_decay_rate_denominator': 1.0, 'normalise_rewards': True, 'exploration_worker_difference': 2.0, 'clip_rewards': False, 'Actor': {'learning_rate': 0.0003, 'linear_hidden_units': [64, 64], 'final_layer_activation': 'Softmax', 'batch_norm': False, 'tau': 0.005, 'gradient_clipping_norm': 5, 'initialiser': 'Xavier'}, 'Critic': {'learning_rate': 0.0003, 'linear_hidden_units': [64, 64], 'final_layer_activation': None, 'batch_norm': False, 'buffer_size': 1000000, 'tau': 0.005, 'gradient_clipping_norm': 5, 'initialiser': 'Xavier'}, 'min_steps_before_learning': 400, 'batch_size': 256, 'mu': 0.0, 'theta': 0.15, 'sigma': 0.25, 'action_noise_std': 0.2, 'action_noise_clipping_range': 0.5, 'update_every_n_steps': 1, 'learning_updates_per_learning_session': 1, 'automatically_tune_entropy_hyperparameter': True, 'entropy_term_weight': None, 'add_extra_noise': False, 'do_evaluation_iterations': True}
2021-09-12 09:51:08,446 - agents.Base_Agent - INFO - 5 -- {'learning_rate': 0.005, 'linear_hidden_units': [20, 10], 'final_layer_activation': ['SOFTMAX', None], 'gradient_clipping_norm': 5.0, 'discount_rate': 0.99, 'epsilon_decay_rate_denominator': 1.0, 'normalise_rewards': True, 'exploration_worker_difference': 2.0, 'clip_rewards': False, 'Actor': {'learning_rate': 0.0003, 'linear_hidden_units': [64, 64], 'final_layer_activation': 'Softmax', 'batch_norm': False, 'tau': 0.005, 'gradient_clipping_norm': 5, 'initialiser': 'Xavier'}, 'Critic': {'learning_rate': 0.0003, 'linear_hidden_units': [64, 64], 'final_layer_activation': None, 'batch_norm': False, 'buffer_size': 1000000, 'tau': 0.005, 'gradient_clipping_norm': 5, 'initialiser': 'Xavier'}, 'min_steps_before_learning': 400, 'batch_size': 256, 'mu': 0.0, 'theta': 0.15, 'sigma': 0.25, 'action_noise_std': 0.2, 'action_noise_clipping_range': 0.5, 'update_every_n_steps': 1, 'learning_updates_per_learning_session': 1, 'automatically_tune_entropy_hyperparameter': True, 'entropy_term_weight': None, 'add_extra_noise': False, 'do_evaluation_iterations': True}
2021-09-12 09:51:08,446 - agents.Base_Agent - INFO - 5 -- {'learning_rate': 0.005, 'linear_hidden_units': [20, 10], 'final_layer_activation': ['SOFTMAX', None], 'gradient_clipping_norm': 5.0, 'discount_rate': 0.99, 'epsilon_decay_rate_denominator': 1.0, 'normalise_rewards': True, 'exploration_worker_difference': 2.0, 'clip_rewards': False, 'Actor': {'learning_rate': 0.0003, 'linear_hidden_units': [64, 64], 'final_layer_activation': 'Softmax', 'batch_norm': False, 'tau': 0.005, 'gradient_clipping_norm': 5, 'initialiser': 'Xavier'}, 'Critic': {'learning_rate': 0.0003, 'linear_hidden_units': [64, 64], 'final_layer_activation': None, 'batch_norm': False, 'buffer_size': 1000000, 'tau': 0.005, 'gradient_clipping_norm': 5, 'initialiser': 'Xavier'}, 'min_steps_before_learning': 400, 'batch_size': 256, 'mu': 0.0, 'theta': 0.15, 'sigma': 0.25, 'action_noise_std': 0.2, 'action_noise_clipping_range': 0.5, 'update_every_n_steps': 1, 'learning_updates_per_learning_session': 1, 'automatically_tune_entropy_hyperparameter': True, 'entropy_term_weight': None, 'add_extra_noise': False, 'do_evaluation_iterations': True}
2021-09-12 09:51:08,446 - agents.Base_Agent - INFO - 5 -- {'learning_rate': 0.005, 'linear_hidden_units': [20, 10], 'final_layer_activation': ['SOFTMAX', None], 'gradient_clipping_norm': 5.0, 'discount_rate': 0.99, 'epsilon_decay_rate_denominator': 1.0, 'normalise_rewards': True, 'exploration_worker_difference': 2.0, 'clip_rewards': False, 'Actor': {'learning_rate': 0.0003, 'linear_hidden_units': [64, 64], 'final_layer_activation': 'Softmax', 'batch_norm': False, 'tau': 0.005, 'gradient_clipping_norm': 5, 'initialiser': 'Xavier'}, 'Critic': {'learning_rate': 0.0003, 'linear_hidden_units': [64, 64], 'final_layer_activation': None, 'batch_norm': False, 'buffer_size': 1000000, 'tau': 0.005, 'gradient_clipping_norm': 5, 'initialiser': 'Xavier'}, 'min_steps_before_learning': 400, 'batch_size': 256, 'mu': 0.0, 'theta': 0.15, 'sigma': 0.25, 'action_noise_std': 0.2, 'action_noise_clipping_range': 0.5, 'update_every_n_steps': 1, 'learning_updates_per_learning_session': 1, 'automatically_tune_entropy_hyperparameter': True, 'entropy_term_weight': None, 'add_extra_noise': False, 'do_evaluation_iterations': True}
2021-09-12 09:51:08,446 - agents.Base_Agent - INFO - 5 -- {'learning_rate': 0.005, 'linear_hidden_units': [20, 10], 'final_layer_activation': ['SOFTMAX', None], 'gradient_clipping_norm': 5.0, 'discount_rate': 0.99, 'epsilon_decay_rate_denominator': 1.0, 'normalise_rewards': True, 'exploration_worker_difference': 2.0, 'clip_rewards': False, 'Actor': {'learning_rate': 0.0003, 'linear_hidden_units': [64, 64], 'final_layer_activation': 'Softmax', 'batch_norm': False, 'tau': 0.005, 'gradient_clipping_norm': 5, 'initialiser': 'Xavier'}, 'Critic': {'learning_rate': 0.0003, 'linear_hidden_units': [64, 64], 'final_layer_activation': None, 'batch_norm': False, 'buffer_size': 1000000, 'tau': 0.005, 'gradient_clipping_norm': 5, 'initialiser': 'Xavier'}, 'min_steps_before_learning': 400, 'batch_size': 256, 'mu': 0.0, 'theta': 0.15, 'sigma': 0.25, 'action_noise_std': 0.2, 'action_noise_clipping_range': 0.5, 'update_every_n_steps': 1, 'learning_updates_per_learning_session': 1, 'automatically_tune_entropy_hyperparameter': True, 'entropy_term_weight': None, 'add_extra_noise': False, 'do_evaluation_iterations': True}
2021-09-12 09:51:08,446 - agents.Base_Agent - INFO - 5 -- {'learning_rate': 0.005, 'linear_hidden_units': [20, 10], 'final_layer_activation': ['SOFTMAX', None], 'gradient_clipping_norm': 5.0, 'discount_rate': 0.99, 'epsilon_decay_rate_denominator': 1.0, 'normalise_rewards': True, 'exploration_worker_difference': 2.0, 'clip_rewards': False, 'Actor': {'learning_rate': 0.0003, 'linear_hidden_units': [64, 64], 'final_layer_activation': 'Softmax', 'batch_norm': False, 'tau': 0.005, 'gradient_clipping_norm': 5, 'initialiser': 'Xavier'}, 'Critic': {'learning_rate': 0.0003, 'linear_hidden_units': [64, 64], 'final_layer_activation': None, 'batch_norm': False, 'buffer_size': 1000000, 'tau': 0.005, 'gradient_clipping_norm': 5, 'initialiser': 'Xavier'}, 'min_steps_before_learning': 400, 'batch_size': 256, 'mu': 0.0, 'theta': 0.15, 'sigma': 0.25, 'action_noise_std': 0.2, 'action_noise_clipping_range': 0.5, 'update_every_n_steps': 1, 'learning_updates_per_learning_session': 1, 'automatically_tune_entropy_hyperparameter': True, 'entropy_term_weight': None, 'add_extra_noise': False, 'do_evaluation_iterations': True}
2021-09-12 09:51:08,447 - agents.Base_Agent - INFO - 6 -- 195.0
2021-09-12 09:51:08,447 - agents.Base_Agent - INFO - 6 -- 195.0
2021-09-12 09:51:08,447 - agents.Base_Agent - INFO - 6 -- 195.0
2021-09-12 09:51:08,447 - agents.Base_Agent - INFO - 6 -- 195.0
2021-09-12 09:51:08,447 - agents.Base_Agent - INFO - 6 -- 195.0
2021-09-12 09:51:08,447 - agents.Base_Agent - INFO - 6 -- 195.0
2021-09-12 09:51:08,447 - agents.Base_Agent - INFO - 6 -- 195.0
2021-09-12 09:51:08,447 - agents.Base_Agent - INFO - 7 -- 100
2021-09-12 09:51:08,447 - agents.Base_Agent - INFO - 7 -- 100
2021-09-12 09:51:08,447 - agents.Base_Agent - INFO - 7 -- 100
2021-09-12 09:51:08,447 - agents.Base_Agent - INFO - 7 -- 100
2021-09-12 09:51:08,447 - agents.Base_Agent - INFO - 7 -- 100
2021-09-12 09:51:08,447 - agents.Base_Agent - INFO - 7 -- 100
2021-09-12 09:51:08,447 - agents.Base_Agent - INFO - 7 -- 100
2021-09-12 09:51:08,447 - agents.Base_Agent - INFO - 8 -- cpu
2021-09-12 09:51:08,447 - agents.Base_Agent - INFO - 8 -- cpu
2021-09-12 09:51:08,447 - agents.Base_Agent - INFO - 8 -- cpu
2021-09-12 09:51:08,447 - agents.Base_Agent - INFO - 8 -- cpu
2021-09-12 09:51:08,447 - agents.Base_Agent - INFO - 8 -- cpu
2021-09-12 09:51:08,447 - agents.Base_Agent - INFO - 8 -- cpu
2021-09-12 09:51:08,447 - agents.Base_Agent - INFO - 8 -- cpu
2021-09-12 09:51:27,529 - agents.Base_Agent - INFO - 0 -- CartPole
2021-09-12 09:51:27,529 - agents.Base_Agent - INFO - 0 -- CartPole
2021-09-12 09:51:27,529 - agents.Base_Agent - INFO - 0 -- CartPole
2021-09-12 09:51:27,529 - agents.Base_Agent - INFO - 0 -- CartPole
2021-09-12 09:51:27,529 - agents.Base_Agent - INFO - 0 -- CartPole
2021-09-12 09:51:27,529 - agents.Base_Agent - INFO - 0 -- CartPole
2021-09-12 09:51:27,529 - agents.Base_Agent - INFO - 0 -- CartPole
2021-09-12 09:51:27,529 - agents.Base_Agent - INFO - 0 -- CartPole
2021-09-12 09:51:27,530 - agents.Base_Agent - INFO - 1 -- DISCRETE
2021-09-12 09:51:27,530 - agents.Base_Agent - INFO - 1 -- DISCRETE
2021-09-12 09:51:27,530 - agents.Base_Agent - INFO - 1 -- DISCRETE
2021-09-12 09:51:27,530 - agents.Base_Agent - INFO - 1 -- DISCRETE
2021-09-12 09:51:27,530 - agents.Base_Agent - INFO - 1 -- DISCRETE
2021-09-12 09:51:27,530 - agents.Base_Agent - INFO - 1 -- DISCRETE
2021-09-12 09:51:27,530 - agents.Base_Agent - INFO - 1 -- DISCRETE
2021-09-12 09:51:27,530 - agents.Base_Agent - INFO - 1 -- DISCRETE
2021-09-12 09:51:27,530 - agents.Base_Agent - INFO - 2 -- 2
2021-09-12 09:51:27,530 - agents.Base_Agent - INFO - 2 -- 2
2021-09-12 09:51:27,530 - agents.Base_Agent - INFO - 2 -- 2
2021-09-12 09:51:27,530 - agents.Base_Agent - INFO - 2 -- 2
2021-09-12 09:51:27,530 - agents.Base_Agent - INFO - 2 -- 2
2021-09-12 09:51:27,530 - agents.Base_Agent - INFO - 2 -- 2
2021-09-12 09:51:27,530 - agents.Base_Agent - INFO - 2 -- 2
2021-09-12 09:51:27,530 - agents.Base_Agent - INFO - 2 -- 2
2021-09-12 09:51:27,530 - agents.Base_Agent - INFO - 3 -- None
2021-09-12 09:51:27,530 - agents.Base_Agent - INFO - 3 -- None
2021-09-12 09:51:27,530 - agents.Base_Agent - INFO - 3 -- None
2021-09-12 09:51:27,530 - agents.Base_Agent - INFO - 3 -- None
2021-09-12 09:51:27,530 - agents.Base_Agent - INFO - 3 -- None
2021-09-12 09:51:27,530 - agents.Base_Agent - INFO - 3 -- None
2021-09-12 09:51:27,530 - agents.Base_Agent - INFO - 3 -- None
2021-09-12 09:51:27,530 - agents.Base_Agent - INFO - 3 -- None
2021-09-12 09:51:27,530 - agents.Base_Agent - INFO - 4 -- 4
2021-09-12 09:51:27,530 - agents.Base_Agent - INFO - 4 -- 4
2021-09-12 09:51:27,530 - agents.Base_Agent - INFO - 4 -- 4
2021-09-12 09:51:27,530 - agents.Base_Agent - INFO - 4 -- 4
2021-09-12 09:51:27,530 - agents.Base_Agent - INFO - 4 -- 4
2021-09-12 09:51:27,530 - agents.Base_Agent - INFO - 4 -- 4
2021-09-12 09:51:27,530 - agents.Base_Agent - INFO - 4 -- 4
2021-09-12 09:51:27,530 - agents.Base_Agent - INFO - 4 -- 4
2021-09-12 09:51:27,531 - agents.Base_Agent - INFO - 5 -- {'learning_rate': 0.005, 'linear_hidden_units': [20, 10], 'final_layer_activation': ['SOFTMAX', None], 'gradient_clipping_norm': 5.0, 'discount_rate': 0.99, 'epsilon_decay_rate_denominator': 1.0, 'normalise_rewards': True, 'exploration_worker_difference': 2.0, 'clip_rewards': False, 'Actor': {'learning_rate': 0.0003, 'linear_hidden_units': [64, 64], 'final_layer_activation': 'Softmax', 'batch_norm': False, 'tau': 0.005, 'gradient_clipping_norm': 5, 'initialiser': 'Xavier'}, 'Critic': {'learning_rate': 0.0003, 'linear_hidden_units': [64, 64], 'final_layer_activation': None, 'batch_norm': False, 'buffer_size': 1000000, 'tau': 0.005, 'gradient_clipping_norm': 5, 'initialiser': 'Xavier'}, 'min_steps_before_learning': 400, 'batch_size': 256, 'mu': 0.0, 'theta': 0.15, 'sigma': 0.25, 'action_noise_std': 0.2, 'action_noise_clipping_range': 0.5, 'update_every_n_steps': 1, 'learning_updates_per_learning_session': 1, 'automatically_tune_entropy_hyperparameter': True, 'entropy_term_weight': None, 'add_extra_noise': False, 'do_evaluation_iterations': True}
2021-09-12 09:51:27,531 - agents.Base_Agent - INFO - 5 -- {'learning_rate': 0.005, 'linear_hidden_units': [20, 10], 'final_layer_activation': ['SOFTMAX', None], 'gradient_clipping_norm': 5.0, 'discount_rate': 0.99, 'epsilon_decay_rate_denominator': 1.0, 'normalise_rewards': True, 'exploration_worker_difference': 2.0, 'clip_rewards': False, 'Actor': {'learning_rate': 0.0003, 'linear_hidden_units': [64, 64], 'final_layer_activation': 'Softmax', 'batch_norm': False, 'tau': 0.005, 'gradient_clipping_norm': 5, 'initialiser': 'Xavier'}, 'Critic': {'learning_rate': 0.0003, 'linear_hidden_units': [64, 64], 'final_layer_activation': None, 'batch_norm': False, 'buffer_size': 1000000, 'tau': 0.005, 'gradient_clipping_norm': 5, 'initialiser': 'Xavier'}, 'min_steps_before_learning': 400, 'batch_size': 256, 'mu': 0.0, 'theta': 0.15, 'sigma': 0.25, 'action_noise_std': 0.2, 'action_noise_clipping_range': 0.5, 'update_every_n_steps': 1, 'learning_updates_per_learning_session': 1, 'automatically_tune_entropy_hyperparameter': True, 'entropy_term_weight': None, 'add_extra_noise': False, 'do_evaluation_iterations': True}
2021-09-12 09:51:27,531 - agents.Base_Agent - INFO - 5 -- {'learning_rate': 0.005, 'linear_hidden_units': [20, 10], 'final_layer_activation': ['SOFTMAX', None], 'gradient_clipping_norm': 5.0, 'discount_rate': 0.99, 'epsilon_decay_rate_denominator': 1.0, 'normalise_rewards': True, 'exploration_worker_difference': 2.0, 'clip_rewards': False, 'Actor': {'learning_rate': 0.0003, 'linear_hidden_units': [64, 64], 'final_layer_activation': 'Softmax', 'batch_norm': False, 'tau': 0.005, 'gradient_clipping_norm': 5, 'initialiser': 'Xavier'}, 'Critic': {'learning_rate': 0.0003, 'linear_hidden_units': [64, 64], 'final_layer_activation': None, 'batch_norm': False, 'buffer_size': 1000000, 'tau': 0.005, 'gradient_clipping_norm': 5, 'initialiser': 'Xavier'}, 'min_steps_before_learning': 400, 'batch_size': 256, 'mu': 0.0, 'theta': 0.15, 'sigma': 0.25, 'action_noise_std': 0.2, 'action_noise_clipping_range': 0.5, 'update_every_n_steps': 1, 'learning_updates_per_learning_session': 1, 'automatically_tune_entropy_hyperparameter': True, 'entropy_term_weight': None, 'add_extra_noise': False, 'do_evaluation_iterations': True}
2021-09-12 09:51:27,531 - agents.Base_Agent - INFO - 5 -- {'learning_rate': 0.005, 'linear_hidden_units': [20, 10], 'final_layer_activation': ['SOFTMAX', None], 'gradient_clipping_norm': 5.0, 'discount_rate': 0.99, 'epsilon_decay_rate_denominator': 1.0, 'normalise_rewards': True, 'exploration_worker_difference': 2.0, 'clip_rewards': False, 'Actor': {'learning_rate': 0.0003, 'linear_hidden_units': [64, 64], 'final_layer_activation': 'Softmax', 'batch_norm': False, 'tau': 0.005, 'gradient_clipping_norm': 5, 'initialiser': 'Xavier'}, 'Critic': {'learning_rate': 0.0003, 'linear_hidden_units': [64, 64], 'final_layer_activation': None, 'batch_norm': False, 'buffer_size': 1000000, 'tau': 0.005, 'gradient_clipping_norm': 5, 'initialiser': 'Xavier'}, 'min_steps_before_learning': 400, 'batch_size': 256, 'mu': 0.0, 'theta': 0.15, 'sigma': 0.25, 'action_noise_std': 0.2, 'action_noise_clipping_range': 0.5, 'update_every_n_steps': 1, 'learning_updates_per_learning_session': 1, 'automatically_tune_entropy_hyperparameter': True, 'entropy_term_weight': None, 'add_extra_noise': False, 'do_evaluation_iterations': True}
2021-09-12 09:51:27,531 - agents.Base_Agent - INFO - 5 -- {'learning_rate': 0.005, 'linear_hidden_units': [20, 10], 'final_layer_activation': ['SOFTMAX', None], 'gradient_clipping_norm': 5.0, 'discount_rate': 0.99, 'epsilon_decay_rate_denominator': 1.0, 'normalise_rewards': True, 'exploration_worker_difference': 2.0, 'clip_rewards': False, 'Actor': {'learning_rate': 0.0003, 'linear_hidden_units': [64, 64], 'final_layer_activation': 'Softmax', 'batch_norm': False, 'tau': 0.005, 'gradient_clipping_norm': 5, 'initialiser': 'Xavier'}, 'Critic': {'learning_rate': 0.0003, 'linear_hidden_units': [64, 64], 'final_layer_activation': None, 'batch_norm': False, 'buffer_size': 1000000, 'tau': 0.005, 'gradient_clipping_norm': 5, 'initialiser': 'Xavier'}, 'min_steps_before_learning': 400, 'batch_size': 256, 'mu': 0.0, 'theta': 0.15, 'sigma': 0.25, 'action_noise_std': 0.2, 'action_noise_clipping_range': 0.5, 'update_every_n_steps': 1, 'learning_updates_per_learning_session': 1, 'automatically_tune_entropy_hyperparameter': True, 'entropy_term_weight': None, 'add_extra_noise': False, 'do_evaluation_iterations': True}
2021-09-12 09:51:27,531 - agents.Base_Agent - INFO - 5 -- {'learning_rate': 0.005, 'linear_hidden_units': [20, 10], 'final_layer_activation': ['SOFTMAX', None], 'gradient_clipping_norm': 5.0, 'discount_rate': 0.99, 'epsilon_decay_rate_denominator': 1.0, 'normalise_rewards': True, 'exploration_worker_difference': 2.0, 'clip_rewards': False, 'Actor': {'learning_rate': 0.0003, 'linear_hidden_units': [64, 64], 'final_layer_activation': 'Softmax', 'batch_norm': False, 'tau': 0.005, 'gradient_clipping_norm': 5, 'initialiser': 'Xavier'}, 'Critic': {'learning_rate': 0.0003, 'linear_hidden_units': [64, 64], 'final_layer_activation': None, 'batch_norm': False, 'buffer_size': 1000000, 'tau': 0.005, 'gradient_clipping_norm': 5, 'initialiser': 'Xavier'}, 'min_steps_before_learning': 400, 'batch_size': 256, 'mu': 0.0, 'theta': 0.15, 'sigma': 0.25, 'action_noise_std': 0.2, 'action_noise_clipping_range': 0.5, 'update_every_n_steps': 1, 'learning_updates_per_learning_session': 1, 'automatically_tune_entropy_hyperparameter': True, 'entropy_term_weight': None, 'add_extra_noise': False, 'do_evaluation_iterations': True}
2021-09-12 09:51:27,531 - agents.Base_Agent - INFO - 5 -- {'learning_rate': 0.005, 'linear_hidden_units': [20, 10], 'final_layer_activation': ['SOFTMAX', None], 'gradient_clipping_norm': 5.0, 'discount_rate': 0.99, 'epsilon_decay_rate_denominator': 1.0, 'normalise_rewards': True, 'exploration_worker_difference': 2.0, 'clip_rewards': False, 'Actor': {'learning_rate': 0.0003, 'linear_hidden_units': [64, 64], 'final_layer_activation': 'Softmax', 'batch_norm': False, 'tau': 0.005, 'gradient_clipping_norm': 5, 'initialiser': 'Xavier'}, 'Critic': {'learning_rate': 0.0003, 'linear_hidden_units': [64, 64], 'final_layer_activation': None, 'batch_norm': False, 'buffer_size': 1000000, 'tau': 0.005, 'gradient_clipping_norm': 5, 'initialiser': 'Xavier'}, 'min_steps_before_learning': 400, 'batch_size': 256, 'mu': 0.0, 'theta': 0.15, 'sigma': 0.25, 'action_noise_std': 0.2, 'action_noise_clipping_range': 0.5, 'update_every_n_steps': 1, 'learning_updates_per_learning_session': 1, 'automatically_tune_entropy_hyperparameter': True, 'entropy_term_weight': None, 'add_extra_noise': False, 'do_evaluation_iterations': True}
2021-09-12 09:51:27,531 - agents.Base_Agent - INFO - 5 -- {'learning_rate': 0.005, 'linear_hidden_units': [20, 10], 'final_layer_activation': ['SOFTMAX', None], 'gradient_clipping_norm': 5.0, 'discount_rate': 0.99, 'epsilon_decay_rate_denominator': 1.0, 'normalise_rewards': True, 'exploration_worker_difference': 2.0, 'clip_rewards': False, 'Actor': {'learning_rate': 0.0003, 'linear_hidden_units': [64, 64], 'final_layer_activation': 'Softmax', 'batch_norm': False, 'tau': 0.005, 'gradient_clipping_norm': 5, 'initialiser': 'Xavier'}, 'Critic': {'learning_rate': 0.0003, 'linear_hidden_units': [64, 64], 'final_layer_activation': None, 'batch_norm': False, 'buffer_size': 1000000, 'tau': 0.005, 'gradient_clipping_norm': 5, 'initialiser': 'Xavier'}, 'min_steps_before_learning': 400, 'batch_size': 256, 'mu': 0.0, 'theta': 0.15, 'sigma': 0.25, 'action_noise_std': 0.2, 'action_noise_clipping_range': 0.5, 'update_every_n_steps': 1, 'learning_updates_per_learning_session': 1, 'automatically_tune_entropy_hyperparameter': True, 'entropy_term_weight': None, 'add_extra_noise': False, 'do_evaluation_iterations': True}
2021-09-12 09:51:27,531 - agents.Base_Agent - INFO - 6 -- 195.0
2021-09-12 09:51:27,531 - agents.Base_Agent - INFO - 6 -- 195.0
2021-09-12 09:51:27,531 - agents.Base_Agent - INFO - 6 -- 195.0
2021-09-12 09:51:27,531 - agents.Base_Agent - INFO - 6 -- 195.0
2021-09-12 09:51:27,531 - agents.Base_Agent - INFO - 6 -- 195.0
2021-09-12 09:51:27,531 - agents.Base_Agent - INFO - 6 -- 195.0
2021-09-12 09:51:27,531 - agents.Base_Agent - INFO - 6 -- 195.0
2021-09-12 09:51:27,531 - agents.Base_Agent - INFO - 6 -- 195.0
2021-09-12 09:51:27,531 - agents.Base_Agent - INFO - 7 -- 100
2021-09-12 09:51:27,531 - agents.Base_Agent - INFO - 7 -- 100
2021-09-12 09:51:27,531 - agents.Base_Agent - INFO - 7 -- 100
2021-09-12 09:51:27,531 - agents.Base_Agent - INFO - 7 -- 100
2021-09-12 09:51:27,531 - agents.Base_Agent - INFO - 7 -- 100
2021-09-12 09:51:27,531 - agents.Base_Agent - INFO - 7 -- 100
2021-09-12 09:51:27,531 - agents.Base_Agent - INFO - 7 -- 100
2021-09-12 09:51:27,531 - agents.Base_Agent - INFO - 7 -- 100
2021-09-12 09:51:27,532 - agents.Base_Agent - INFO - 8 -- cpu
2021-09-12 09:51:27,532 - agents.Base_Agent - INFO - 8 -- cpu
2021-09-12 09:51:27,532 - agents.Base_Agent - INFO - 8 -- cpu
2021-09-12 09:51:27,532 - agents.Base_Agent - INFO - 8 -- cpu
2021-09-12 09:51:27,532 - agents.Base_Agent - INFO - 8 -- cpu
2021-09-12 09:51:27,532 - agents.Base_Agent - INFO - 8 -- cpu
2021-09-12 09:51:27,532 - agents.Base_Agent - INFO - 8 -- cpu
2021-09-12 09:51:27,532 - agents.Base_Agent - INFO - 8 -- cpu
2021-09-12 09:51:46,802 - agents.Base_Agent - INFO - 0 -- CartPole
2021-09-12 09:51:46,802 - agents.Base_Agent - INFO - 0 -- CartPole
2021-09-12 09:51:46,802 - agents.Base_Agent - INFO - 0 -- CartPole
2021-09-12 09:51:46,802 - agents.Base_Agent - INFO - 0 -- CartPole
2021-09-12 09:51:46,802 - agents.Base_Agent - INFO - 0 -- CartPole
2021-09-12 09:51:46,802 - agents.Base_Agent - INFO - 0 -- CartPole
2021-09-12 09:51:46,802 - agents.Base_Agent - INFO - 0 -- CartPole
2021-09-12 09:51:46,802 - agents.Base_Agent - INFO - 0 -- CartPole
2021-09-12 09:51:46,802 - agents.Base_Agent - INFO - 0 -- CartPole
2021-09-12 09:51:46,802 - agents.Base_Agent - INFO - 1 -- DISCRETE
2021-09-12 09:51:46,802 - agents.Base_Agent - INFO - 1 -- DISCRETE
2021-09-12 09:51:46,802 - agents.Base_Agent - INFO - 1 -- DISCRETE
2021-09-12 09:51:46,802 - agents.Base_Agent - INFO - 1 -- DISCRETE
2021-09-12 09:51:46,802 - agents.Base_Agent - INFO - 1 -- DISCRETE
2021-09-12 09:51:46,802 - agents.Base_Agent - INFO - 1 -- DISCRETE
2021-09-12 09:51:46,802 - agents.Base_Agent - INFO - 1 -- DISCRETE
2021-09-12 09:51:46,802 - agents.Base_Agent - INFO - 1 -- DISCRETE
2021-09-12 09:51:46,802 - agents.Base_Agent - INFO - 1 -- DISCRETE
2021-09-12 09:51:46,803 - agents.Base_Agent - INFO - 2 -- 2
2021-09-12 09:51:46,803 - agents.Base_Agent - INFO - 2 -- 2
2021-09-12 09:51:46,803 - agents.Base_Agent - INFO - 2 -- 2
2021-09-12 09:51:46,803 - agents.Base_Agent - INFO - 2 -- 2
2021-09-12 09:51:46,803 - agents.Base_Agent - INFO - 2 -- 2
2021-09-12 09:51:46,803 - agents.Base_Agent - INFO - 2 -- 2
2021-09-12 09:51:46,803 - agents.Base_Agent - INFO - 2 -- 2
2021-09-12 09:51:46,803 - agents.Base_Agent - INFO - 2 -- 2
2021-09-12 09:51:46,803 - agents.Base_Agent - INFO - 2 -- 2
2021-09-12 09:51:46,803 - agents.Base_Agent - INFO - 3 -- None
2021-09-12 09:51:46,803 - agents.Base_Agent - INFO - 3 -- None
2021-09-12 09:51:46,803 - agents.Base_Agent - INFO - 3 -- None
2021-09-12 09:51:46,803 - agents.Base_Agent - INFO - 3 -- None
2021-09-12 09:51:46,803 - agents.Base_Agent - INFO - 3 -- None
2021-09-12 09:51:46,803 - agents.Base_Agent - INFO - 3 -- None
2021-09-12 09:51:46,803 - agents.Base_Agent - INFO - 3 -- None
2021-09-12 09:51:46,803 - agents.Base_Agent - INFO - 3 -- None
2021-09-12 09:51:46,803 - agents.Base_Agent - INFO - 3 -- None
2021-09-12 09:51:46,803 - agents.Base_Agent - INFO - 4 -- 4
2021-09-12 09:51:46,803 - agents.Base_Agent - INFO - 4 -- 4
2021-09-12 09:51:46,803 - agents.Base_Agent - INFO - 4 -- 4
2021-09-12 09:51:46,803 - agents.Base_Agent - INFO - 4 -- 4
2021-09-12 09:51:46,803 - agents.Base_Agent - INFO - 4 -- 4
2021-09-12 09:51:46,803 - agents.Base_Agent - INFO - 4 -- 4
2021-09-12 09:51:46,803 - agents.Base_Agent - INFO - 4 -- 4
2021-09-12 09:51:46,803 - agents.Base_Agent - INFO - 4 -- 4
2021-09-12 09:51:46,803 - agents.Base_Agent - INFO - 4 -- 4
2021-09-12 09:51:46,804 - agents.Base_Agent - INFO - 5 -- {'learning_rate': 0.005, 'linear_hidden_units': [20, 10], 'final_layer_activation': ['SOFTMAX', None], 'gradient_clipping_norm': 5.0, 'discount_rate': 0.99, 'epsilon_decay_rate_denominator': 1.0, 'normalise_rewards': True, 'exploration_worker_difference': 2.0, 'clip_rewards': False, 'Actor': {'learning_rate': 0.0003, 'linear_hidden_units': [64, 64], 'final_layer_activation': 'Softmax', 'batch_norm': False, 'tau': 0.005, 'gradient_clipping_norm': 5, 'initialiser': 'Xavier'}, 'Critic': {'learning_rate': 0.0003, 'linear_hidden_units': [64, 64], 'final_layer_activation': None, 'batch_norm': False, 'buffer_size': 1000000, 'tau': 0.005, 'gradient_clipping_norm': 5, 'initialiser': 'Xavier'}, 'min_steps_before_learning': 400, 'batch_size': 256, 'mu': 0.0, 'theta': 0.15, 'sigma': 0.25, 'action_noise_std': 0.2, 'action_noise_clipping_range': 0.5, 'update_every_n_steps': 1, 'learning_updates_per_learning_session': 1, 'automatically_tune_entropy_hyperparameter': True, 'entropy_term_weight': None, 'add_extra_noise': False, 'do_evaluation_iterations': True}
2021-09-12 09:51:46,804 - agents.Base_Agent - INFO - 5 -- {'learning_rate': 0.005, 'linear_hidden_units': [20, 10], 'final_layer_activation': ['SOFTMAX', None], 'gradient_clipping_norm': 5.0, 'discount_rate': 0.99, 'epsilon_decay_rate_denominator': 1.0, 'normalise_rewards': True, 'exploration_worker_difference': 2.0, 'clip_rewards': False, 'Actor': {'learning_rate': 0.0003, 'linear_hidden_units': [64, 64], 'final_layer_activation': 'Softmax', 'batch_norm': False, 'tau': 0.005, 'gradient_clipping_norm': 5, 'initialiser': 'Xavier'}, 'Critic': {'learning_rate': 0.0003, 'linear_hidden_units': [64, 64], 'final_layer_activation': None, 'batch_norm': False, 'buffer_size': 1000000, 'tau': 0.005, 'gradient_clipping_norm': 5, 'initialiser': 'Xavier'}, 'min_steps_before_learning': 400, 'batch_size': 256, 'mu': 0.0, 'theta': 0.15, 'sigma': 0.25, 'action_noise_std': 0.2, 'action_noise_clipping_range': 0.5, 'update_every_n_steps': 1, 'learning_updates_per_learning_session': 1, 'automatically_tune_entropy_hyperparameter': True, 'entropy_term_weight': None, 'add_extra_noise': False, 'do_evaluation_iterations': True}
2021-09-12 09:51:46,804 - agents.Base_Agent - INFO - 5 -- {'learning_rate': 0.005, 'linear_hidden_units': [20, 10], 'final_layer_activation': ['SOFTMAX', None], 'gradient_clipping_norm': 5.0, 'discount_rate': 0.99, 'epsilon_decay_rate_denominator': 1.0, 'normalise_rewards': True, 'exploration_worker_difference': 2.0, 'clip_rewards': False, 'Actor': {'learning_rate': 0.0003, 'linear_hidden_units': [64, 64], 'final_layer_activation': 'Softmax', 'batch_norm': False, 'tau': 0.005, 'gradient_clipping_norm': 5, 'initialiser': 'Xavier'}, 'Critic': {'learning_rate': 0.0003, 'linear_hidden_units': [64, 64], 'final_layer_activation': None, 'batch_norm': False, 'buffer_size': 1000000, 'tau': 0.005, 'gradient_clipping_norm': 5, 'initialiser': 'Xavier'}, 'min_steps_before_learning': 400, 'batch_size': 256, 'mu': 0.0, 'theta': 0.15, 'sigma': 0.25, 'action_noise_std': 0.2, 'action_noise_clipping_range': 0.5, 'update_every_n_steps': 1, 'learning_updates_per_learning_session': 1, 'automatically_tune_entropy_hyperparameter': True, 'entropy_term_weight': None, 'add_extra_noise': False, 'do_evaluation_iterations': True}
2021-09-12 09:51:46,804 - agents.Base_Agent - INFO - 5 -- {'learning_rate': 0.005, 'linear_hidden_units': [20, 10], 'final_layer_activation': ['SOFTMAX', None], 'gradient_clipping_norm': 5.0, 'discount_rate': 0.99, 'epsilon_decay_rate_denominator': 1.0, 'normalise_rewards': True, 'exploration_worker_difference': 2.0, 'clip_rewards': False, 'Actor': {'learning_rate': 0.0003, 'linear_hidden_units': [64, 64], 'final_layer_activation': 'Softmax', 'batch_norm': False, 'tau': 0.005, 'gradient_clipping_norm': 5, 'initialiser': 'Xavier'}, 'Critic': {'learning_rate': 0.0003, 'linear_hidden_units': [64, 64], 'final_layer_activation': None, 'batch_norm': False, 'buffer_size': 1000000, 'tau': 0.005, 'gradient_clipping_norm': 5, 'initialiser': 'Xavier'}, 'min_steps_before_learning': 400, 'batch_size': 256, 'mu': 0.0, 'theta': 0.15, 'sigma': 0.25, 'action_noise_std': 0.2, 'action_noise_clipping_range': 0.5, 'update_every_n_steps': 1, 'learning_updates_per_learning_session': 1, 'automatically_tune_entropy_hyperparameter': True, 'entropy_term_weight': None, 'add_extra_noise': False, 'do_evaluation_iterations': True}
2021-09-12 09:51:46,804 - agents.Base_Agent - INFO - 5 -- {'learning_rate': 0.005, 'linear_hidden_units': [20, 10], 'final_layer_activation': ['SOFTMAX', None], 'gradient_clipping_norm': 5.0, 'discount_rate': 0.99, 'epsilon_decay_rate_denominator': 1.0, 'normalise_rewards': True, 'exploration_worker_difference': 2.0, 'clip_rewards': False, 'Actor': {'learning_rate': 0.0003, 'linear_hidden_units': [64, 64], 'final_layer_activation': 'Softmax', 'batch_norm': False, 'tau': 0.005, 'gradient_clipping_norm': 5, 'initialiser': 'Xavier'}, 'Critic': {'learning_rate': 0.0003, 'linear_hidden_units': [64, 64], 'final_layer_activation': None, 'batch_norm': False, 'buffer_size': 1000000, 'tau': 0.005, 'gradient_clipping_norm': 5, 'initialiser': 'Xavier'}, 'min_steps_before_learning': 400, 'batch_size': 256, 'mu': 0.0, 'theta': 0.15, 'sigma': 0.25, 'action_noise_std': 0.2, 'action_noise_clipping_range': 0.5, 'update_every_n_steps': 1, 'learning_updates_per_learning_session': 1, 'automatically_tune_entropy_hyperparameter': True, 'entropy_term_weight': None, 'add_extra_noise': False, 'do_evaluation_iterations': True}
2021-09-12 09:51:46,804 - agents.Base_Agent - INFO - 5 -- {'learning_rate': 0.005, 'linear_hidden_units': [20, 10], 'final_layer_activation': ['SOFTMAX', None], 'gradient_clipping_norm': 5.0, 'discount_rate': 0.99, 'epsilon_decay_rate_denominator': 1.0, 'normalise_rewards': True, 'exploration_worker_difference': 2.0, 'clip_rewards': False, 'Actor': {'learning_rate': 0.0003, 'linear_hidden_units': [64, 64], 'final_layer_activation': 'Softmax', 'batch_norm': False, 'tau': 0.005, 'gradient_clipping_norm': 5, 'initialiser': 'Xavier'}, 'Critic': {'learning_rate': 0.0003, 'linear_hidden_units': [64, 64], 'final_layer_activation': None, 'batch_norm': False, 'buffer_size': 1000000, 'tau': 0.005, 'gradient_clipping_norm': 5, 'initialiser': 'Xavier'}, 'min_steps_before_learning': 400, 'batch_size': 256, 'mu': 0.0, 'theta': 0.15, 'sigma': 0.25, 'action_noise_std': 0.2, 'action_noise_clipping_range': 0.5, 'update_every_n_steps': 1, 'learning_updates_per_learning_session': 1, 'automatically_tune_entropy_hyperparameter': True, 'entropy_term_weight': None, 'add_extra_noise': False, 'do_evaluation_iterations': True}
2021-09-12 09:51:46,804 - agents.Base_Agent - INFO - 5 -- {'learning_rate': 0.005, 'linear_hidden_units': [20, 10], 'final_layer_activation': ['SOFTMAX', None], 'gradient_clipping_norm': 5.0, 'discount_rate': 0.99, 'epsilon_decay_rate_denominator': 1.0, 'normalise_rewards': True, 'exploration_worker_difference': 2.0, 'clip_rewards': False, 'Actor': {'learning_rate': 0.0003, 'linear_hidden_units': [64, 64], 'final_layer_activation': 'Softmax', 'batch_norm': False, 'tau': 0.005, 'gradient_clipping_norm': 5, 'initialiser': 'Xavier'}, 'Critic': {'learning_rate': 0.0003, 'linear_hidden_units': [64, 64], 'final_layer_activation': None, 'batch_norm': False, 'buffer_size': 1000000, 'tau': 0.005, 'gradient_clipping_norm': 5, 'initialiser': 'Xavier'}, 'min_steps_before_learning': 400, 'batch_size': 256, 'mu': 0.0, 'theta': 0.15, 'sigma': 0.25, 'action_noise_std': 0.2, 'action_noise_clipping_range': 0.5, 'update_every_n_steps': 1, 'learning_updates_per_learning_session': 1, 'automatically_tune_entropy_hyperparameter': True, 'entropy_term_weight': None, 'add_extra_noise': False, 'do_evaluation_iterations': True}
2021-09-12 09:51:46,804 - agents.Base_Agent - INFO - 5 -- {'learning_rate': 0.005, 'linear_hidden_units': [20, 10], 'final_layer_activation': ['SOFTMAX', None], 'gradient_clipping_norm': 5.0, 'discount_rate': 0.99, 'epsilon_decay_rate_denominator': 1.0, 'normalise_rewards': True, 'exploration_worker_difference': 2.0, 'clip_rewards': False, 'Actor': {'learning_rate': 0.0003, 'linear_hidden_units': [64, 64], 'final_layer_activation': 'Softmax', 'batch_norm': False, 'tau': 0.005, 'gradient_clipping_norm': 5, 'initialiser': 'Xavier'}, 'Critic': {'learning_rate': 0.0003, 'linear_hidden_units': [64, 64], 'final_layer_activation': None, 'batch_norm': False, 'buffer_size': 1000000, 'tau': 0.005, 'gradient_clipping_norm': 5, 'initialiser': 'Xavier'}, 'min_steps_before_learning': 400, 'batch_size': 256, 'mu': 0.0, 'theta': 0.15, 'sigma': 0.25, 'action_noise_std': 0.2, 'action_noise_clipping_range': 0.5, 'update_every_n_steps': 1, 'learning_updates_per_learning_session': 1, 'automatically_tune_entropy_hyperparameter': True, 'entropy_term_weight': None, 'add_extra_noise': False, 'do_evaluation_iterations': True}
2021-09-12 09:51:46,804 - agents.Base_Agent - INFO - 5 -- {'learning_rate': 0.005, 'linear_hidden_units': [20, 10], 'final_layer_activation': ['SOFTMAX', None], 'gradient_clipping_norm': 5.0, 'discount_rate': 0.99, 'epsilon_decay_rate_denominator': 1.0, 'normalise_rewards': True, 'exploration_worker_difference': 2.0, 'clip_rewards': False, 'Actor': {'learning_rate': 0.0003, 'linear_hidden_units': [64, 64], 'final_layer_activation': 'Softmax', 'batch_norm': False, 'tau': 0.005, 'gradient_clipping_norm': 5, 'initialiser': 'Xavier'}, 'Critic': {'learning_rate': 0.0003, 'linear_hidden_units': [64, 64], 'final_layer_activation': None, 'batch_norm': False, 'buffer_size': 1000000, 'tau': 0.005, 'gradient_clipping_norm': 5, 'initialiser': 'Xavier'}, 'min_steps_before_learning': 400, 'batch_size': 256, 'mu': 0.0, 'theta': 0.15, 'sigma': 0.25, 'action_noise_std': 0.2, 'action_noise_clipping_range': 0.5, 'update_every_n_steps': 1, 'learning_updates_per_learning_session': 1, 'automatically_tune_entropy_hyperparameter': True, 'entropy_term_weight': None, 'add_extra_noise': False, 'do_evaluation_iterations': True}
2021-09-12 09:51:46,804 - agents.Base_Agent - INFO - 6 -- 195.0
2021-09-12 09:51:46,804 - agents.Base_Agent - INFO - 6 -- 195.0
2021-09-12 09:51:46,804 - agents.Base_Agent - INFO - 6 -- 195.0
2021-09-12 09:51:46,804 - agents.Base_Agent - INFO - 6 -- 195.0
2021-09-12 09:51:46,804 - agents.Base_Agent - INFO - 6 -- 195.0
2021-09-12 09:51:46,804 - agents.Base_Agent - INFO - 6 -- 195.0
2021-09-12 09:51:46,804 - agents.Base_Agent - INFO - 6 -- 195.0
2021-09-12 09:51:46,804 - agents.Base_Agent - INFO - 6 -- 195.0
2021-09-12 09:51:46,804 - agents.Base_Agent - INFO - 6 -- 195.0
2021-09-12 09:51:46,804 - agents.Base_Agent - INFO - 7 -- 100
2021-09-12 09:51:46,804 - agents.Base_Agent - INFO - 7 -- 100
2021-09-12 09:51:46,804 - agents.Base_Agent - INFO - 7 -- 100
2021-09-12 09:51:46,804 - agents.Base_Agent - INFO - 7 -- 100
2021-09-12 09:51:46,804 - agents.Base_Agent - INFO - 7 -- 100
2021-09-12 09:51:46,804 - agents.Base_Agent - INFO - 7 -- 100
2021-09-12 09:51:46,804 - agents.Base_Agent - INFO - 7 -- 100
2021-09-12 09:51:46,804 - agents.Base_Agent - INFO - 7 -- 100
2021-09-12 09:51:46,804 - agents.Base_Agent - INFO - 7 -- 100
2021-09-12 09:51:46,805 - agents.Base_Agent - INFO - 8 -- cpu
2021-09-12 09:51:46,805 - agents.Base_Agent - INFO - 8 -- cpu
2021-09-12 09:51:46,805 - agents.Base_Agent - INFO - 8 -- cpu
2021-09-12 09:51:46,805 - agents.Base_Agent - INFO - 8 -- cpu
2021-09-12 09:51:46,805 - agents.Base_Agent - INFO - 8 -- cpu
2021-09-12 09:51:46,805 - agents.Base_Agent - INFO - 8 -- cpu
2021-09-12 09:51:46,805 - agents.Base_Agent - INFO - 8 -- cpu
2021-09-12 09:51:46,805 - agents.Base_Agent - INFO - 8 -- cpu
2021-09-12 09:51:46,805 - agents.Base_Agent - INFO - 8 -- cpu
2021-09-12 09:52:05,328 - agents.Base_Agent - INFO - 0 -- CartPole
2021-09-12 09:52:05,328 - agents.Base_Agent - INFO - 0 -- CartPole
2021-09-12 09:52:05,328 - agents.Base_Agent - INFO - 0 -- CartPole
2021-09-12 09:52:05,328 - agents.Base_Agent - INFO - 0 -- CartPole
2021-09-12 09:52:05,328 - agents.Base_Agent - INFO - 0 -- CartPole
2021-09-12 09:52:05,328 - agents.Base_Agent - INFO - 0 -- CartPole
2021-09-12 09:52:05,328 - agents.Base_Agent - INFO - 0 -- CartPole
2021-09-12 09:52:05,328 - agents.Base_Agent - INFO - 0 -- CartPole
2021-09-12 09:52:05,328 - agents.Base_Agent - INFO - 0 -- CartPole
2021-09-12 09:52:05,328 - agents.Base_Agent - INFO - 0 -- CartPole
2021-09-12 09:52:05,329 - agents.Base_Agent - INFO - 1 -- DISCRETE
2021-09-12 09:52:05,329 - agents.Base_Agent - INFO - 1 -- DISCRETE
2021-09-12 09:52:05,329 - agents.Base_Agent - INFO - 1 -- DISCRETE
2021-09-12 09:52:05,329 - agents.Base_Agent - INFO - 1 -- DISCRETE
2021-09-12 09:52:05,329 - agents.Base_Agent - INFO - 1 -- DISCRETE
2021-09-12 09:52:05,329 - agents.Base_Agent - INFO - 1 -- DISCRETE
2021-09-12 09:52:05,329 - agents.Base_Agent - INFO - 1 -- DISCRETE
2021-09-12 09:52:05,329 - agents.Base_Agent - INFO - 1 -- DISCRETE
2021-09-12 09:52:05,329 - agents.Base_Agent - INFO - 1 -- DISCRETE
2021-09-12 09:52:05,329 - agents.Base_Agent - INFO - 1 -- DISCRETE
2021-09-12 09:52:05,329 - agents.Base_Agent - INFO - 2 -- 2
2021-09-12 09:52:05,329 - agents.Base_Agent - INFO - 2 -- 2
2021-09-12 09:52:05,329 - agents.Base_Agent - INFO - 2 -- 2
2021-09-12 09:52:05,329 - agents.Base_Agent - INFO - 2 -- 2
2021-09-12 09:52:05,329 - agents.Base_Agent - INFO - 2 -- 2
2021-09-12 09:52:05,329 - agents.Base_Agent - INFO - 2 -- 2
2021-09-12 09:52:05,329 - agents.Base_Agent - INFO - 2 -- 2
2021-09-12 09:52:05,329 - agents.Base_Agent - INFO - 2 -- 2
2021-09-12 09:52:05,329 - agents.Base_Agent - INFO - 2 -- 2
2021-09-12 09:52:05,329 - agents.Base_Agent - INFO - 2 -- 2
2021-09-12 09:52:05,329 - agents.Base_Agent - INFO - 3 -- None
2021-09-12 09:52:05,329 - agents.Base_Agent - INFO - 3 -- None
2021-09-12 09:52:05,329 - agents.Base_Agent - INFO - 3 -- None
2021-09-12 09:52:05,329 - agents.Base_Agent - INFO - 3 -- None
2021-09-12 09:52:05,329 - agents.Base_Agent - INFO - 3 -- None
2021-09-12 09:52:05,329 - agents.Base_Agent - INFO - 3 -- None
2021-09-12 09:52:05,329 - agents.Base_Agent - INFO - 3 -- None
2021-09-12 09:52:05,329 - agents.Base_Agent - INFO - 3 -- None
2021-09-12 09:52:05,329 - agents.Base_Agent - INFO - 3 -- None
2021-09-12 09:52:05,329 - agents.Base_Agent - INFO - 3 -- None
2021-09-12 09:52:05,330 - agents.Base_Agent - INFO - 4 -- 4
2021-09-12 09:52:05,330 - agents.Base_Agent - INFO - 4 -- 4
2021-09-12 09:52:05,330 - agents.Base_Agent - INFO - 4 -- 4
2021-09-12 09:52:05,330 - agents.Base_Agent - INFO - 4 -- 4
2021-09-12 09:52:05,330 - agents.Base_Agent - INFO - 4 -- 4
2021-09-12 09:52:05,330 - agents.Base_Agent - INFO - 4 -- 4
2021-09-12 09:52:05,330 - agents.Base_Agent - INFO - 4 -- 4
2021-09-12 09:52:05,330 - agents.Base_Agent - INFO - 4 -- 4
2021-09-12 09:52:05,330 - agents.Base_Agent - INFO - 4 -- 4
2021-09-12 09:52:05,330 - agents.Base_Agent - INFO - 4 -- 4
2021-09-12 09:52:05,330 - agents.Base_Agent - INFO - 5 -- {'learning_rate': 0.005, 'linear_hidden_units': [20, 10], 'final_layer_activation': ['SOFTMAX', None], 'gradient_clipping_norm': 5.0, 'discount_rate': 0.99, 'epsilon_decay_rate_denominator': 1.0, 'normalise_rewards': True, 'exploration_worker_difference': 2.0, 'clip_rewards': False, 'Actor': {'learning_rate': 0.0003, 'linear_hidden_units': [64, 64], 'final_layer_activation': 'Softmax', 'batch_norm': False, 'tau': 0.005, 'gradient_clipping_norm': 5, 'initialiser': 'Xavier'}, 'Critic': {'learning_rate': 0.0003, 'linear_hidden_units': [64, 64], 'final_layer_activation': None, 'batch_norm': False, 'buffer_size': 1000000, 'tau': 0.005, 'gradient_clipping_norm': 5, 'initialiser': 'Xavier'}, 'min_steps_before_learning': 400, 'batch_size': 256, 'mu': 0.0, 'theta': 0.15, 'sigma': 0.25, 'action_noise_std': 0.2, 'action_noise_clipping_range': 0.5, 'update_every_n_steps': 1, 'learning_updates_per_learning_session': 1, 'automatically_tune_entropy_hyperparameter': True, 'entropy_term_weight': None, 'add_extra_noise': False, 'do_evaluation_iterations': True}
2021-09-12 09:52:05,330 - agents.Base_Agent - INFO - 5 -- {'learning_rate': 0.005, 'linear_hidden_units': [20, 10], 'final_layer_activation': ['SOFTMAX', None], 'gradient_clipping_norm': 5.0, 'discount_rate': 0.99, 'epsilon_decay_rate_denominator': 1.0, 'normalise_rewards': True, 'exploration_worker_difference': 2.0, 'clip_rewards': False, 'Actor': {'learning_rate': 0.0003, 'linear_hidden_units': [64, 64], 'final_layer_activation': 'Softmax', 'batch_norm': False, 'tau': 0.005, 'gradient_clipping_norm': 5, 'initialiser': 'Xavier'}, 'Critic': {'learning_rate': 0.0003, 'linear_hidden_units': [64, 64], 'final_layer_activation': None, 'batch_norm': False, 'buffer_size': 1000000, 'tau': 0.005, 'gradient_clipping_norm': 5, 'initialiser': 'Xavier'}, 'min_steps_before_learning': 400, 'batch_size': 256, 'mu': 0.0, 'theta': 0.15, 'sigma': 0.25, 'action_noise_std': 0.2, 'action_noise_clipping_range': 0.5, 'update_every_n_steps': 1, 'learning_updates_per_learning_session': 1, 'automatically_tune_entropy_hyperparameter': True, 'entropy_term_weight': None, 'add_extra_noise': False, 'do_evaluation_iterations': True}
2021-09-12 09:52:05,330 - agents.Base_Agent - INFO - 5 -- {'learning_rate': 0.005, 'linear_hidden_units': [20, 10], 'final_layer_activation': ['SOFTMAX', None], 'gradient_clipping_norm': 5.0, 'discount_rate': 0.99, 'epsilon_decay_rate_denominator': 1.0, 'normalise_rewards': True, 'exploration_worker_difference': 2.0, 'clip_rewards': False, 'Actor': {'learning_rate': 0.0003, 'linear_hidden_units': [64, 64], 'final_layer_activation': 'Softmax', 'batch_norm': False, 'tau': 0.005, 'gradient_clipping_norm': 5, 'initialiser': 'Xavier'}, 'Critic': {'learning_rate': 0.0003, 'linear_hidden_units': [64, 64], 'final_layer_activation': None, 'batch_norm': False, 'buffer_size': 1000000, 'tau': 0.005, 'gradient_clipping_norm': 5, 'initialiser': 'Xavier'}, 'min_steps_before_learning': 400, 'batch_size': 256, 'mu': 0.0, 'theta': 0.15, 'sigma': 0.25, 'action_noise_std': 0.2, 'action_noise_clipping_range': 0.5, 'update_every_n_steps': 1, 'learning_updates_per_learning_session': 1, 'automatically_tune_entropy_hyperparameter': True, 'entropy_term_weight': None, 'add_extra_noise': False, 'do_evaluation_iterations': True}
2021-09-12 09:52:05,330 - agents.Base_Agent - INFO - 5 -- {'learning_rate': 0.005, 'linear_hidden_units': [20, 10], 'final_layer_activation': ['SOFTMAX', None], 'gradient_clipping_norm': 5.0, 'discount_rate': 0.99, 'epsilon_decay_rate_denominator': 1.0, 'normalise_rewards': True, 'exploration_worker_difference': 2.0, 'clip_rewards': False, 'Actor': {'learning_rate': 0.0003, 'linear_hidden_units': [64, 64], 'final_layer_activation': 'Softmax', 'batch_norm': False, 'tau': 0.005, 'gradient_clipping_norm': 5, 'initialiser': 'Xavier'}, 'Critic': {'learning_rate': 0.0003, 'linear_hidden_units': [64, 64], 'final_layer_activation': None, 'batch_norm': False, 'buffer_size': 1000000, 'tau': 0.005, 'gradient_clipping_norm': 5, 'initialiser': 'Xavier'}, 'min_steps_before_learning': 400, 'batch_size': 256, 'mu': 0.0, 'theta': 0.15, 'sigma': 0.25, 'action_noise_std': 0.2, 'action_noise_clipping_range': 0.5, 'update_every_n_steps': 1, 'learning_updates_per_learning_session': 1, 'automatically_tune_entropy_hyperparameter': True, 'entropy_term_weight': None, 'add_extra_noise': False, 'do_evaluation_iterations': True}
2021-09-12 09:52:05,330 - agents.Base_Agent - INFO - 5 -- {'learning_rate': 0.005, 'linear_hidden_units': [20, 10], 'final_layer_activation': ['SOFTMAX', None], 'gradient_clipping_norm': 5.0, 'discount_rate': 0.99, 'epsilon_decay_rate_denominator': 1.0, 'normalise_rewards': True, 'exploration_worker_difference': 2.0, 'clip_rewards': False, 'Actor': {'learning_rate': 0.0003, 'linear_hidden_units': [64, 64], 'final_layer_activation': 'Softmax', 'batch_norm': False, 'tau': 0.005, 'gradient_clipping_norm': 5, 'initialiser': 'Xavier'}, 'Critic': {'learning_rate': 0.0003, 'linear_hidden_units': [64, 64], 'final_layer_activation': None, 'batch_norm': False, 'buffer_size': 1000000, 'tau': 0.005, 'gradient_clipping_norm': 5, 'initialiser': 'Xavier'}, 'min_steps_before_learning': 400, 'batch_size': 256, 'mu': 0.0, 'theta': 0.15, 'sigma': 0.25, 'action_noise_std': 0.2, 'action_noise_clipping_range': 0.5, 'update_every_n_steps': 1, 'learning_updates_per_learning_session': 1, 'automatically_tune_entropy_hyperparameter': True, 'entropy_term_weight': None, 'add_extra_noise': False, 'do_evaluation_iterations': True}
2021-09-12 09:52:05,330 - agents.Base_Agent - INFO - 5 -- {'learning_rate': 0.005, 'linear_hidden_units': [20, 10], 'final_layer_activation': ['SOFTMAX', None], 'gradient_clipping_norm': 5.0, 'discount_rate': 0.99, 'epsilon_decay_rate_denominator': 1.0, 'normalise_rewards': True, 'exploration_worker_difference': 2.0, 'clip_rewards': False, 'Actor': {'learning_rate': 0.0003, 'linear_hidden_units': [64, 64], 'final_layer_activation': 'Softmax', 'batch_norm': False, 'tau': 0.005, 'gradient_clipping_norm': 5, 'initialiser': 'Xavier'}, 'Critic': {'learning_rate': 0.0003, 'linear_hidden_units': [64, 64], 'final_layer_activation': None, 'batch_norm': False, 'buffer_size': 1000000, 'tau': 0.005, 'gradient_clipping_norm': 5, 'initialiser': 'Xavier'}, 'min_steps_before_learning': 400, 'batch_size': 256, 'mu': 0.0, 'theta': 0.15, 'sigma': 0.25, 'action_noise_std': 0.2, 'action_noise_clipping_range': 0.5, 'update_every_n_steps': 1, 'learning_updates_per_learning_session': 1, 'automatically_tune_entropy_hyperparameter': True, 'entropy_term_weight': None, 'add_extra_noise': False, 'do_evaluation_iterations': True}
2021-09-12 09:52:05,330 - agents.Base_Agent - INFO - 5 -- {'learning_rate': 0.005, 'linear_hidden_units': [20, 10], 'final_layer_activation': ['SOFTMAX', None], 'gradient_clipping_norm': 5.0, 'discount_rate': 0.99, 'epsilon_decay_rate_denominator': 1.0, 'normalise_rewards': True, 'exploration_worker_difference': 2.0, 'clip_rewards': False, 'Actor': {'learning_rate': 0.0003, 'linear_hidden_units': [64, 64], 'final_layer_activation': 'Softmax', 'batch_norm': False, 'tau': 0.005, 'gradient_clipping_norm': 5, 'initialiser': 'Xavier'}, 'Critic': {'learning_rate': 0.0003, 'linear_hidden_units': [64, 64], 'final_layer_activation': None, 'batch_norm': False, 'buffer_size': 1000000, 'tau': 0.005, 'gradient_clipping_norm': 5, 'initialiser': 'Xavier'}, 'min_steps_before_learning': 400, 'batch_size': 256, 'mu': 0.0, 'theta': 0.15, 'sigma': 0.25, 'action_noise_std': 0.2, 'action_noise_clipping_range': 0.5, 'update_every_n_steps': 1, 'learning_updates_per_learning_session': 1, 'automatically_tune_entropy_hyperparameter': True, 'entropy_term_weight': None, 'add_extra_noise': False, 'do_evaluation_iterations': True}
2021-09-12 09:52:05,330 - agents.Base_Agent - INFO - 5 -- {'learning_rate': 0.005, 'linear_hidden_units': [20, 10], 'final_layer_activation': ['SOFTMAX', None], 'gradient_clipping_norm': 5.0, 'discount_rate': 0.99, 'epsilon_decay_rate_denominator': 1.0, 'normalise_rewards': True, 'exploration_worker_difference': 2.0, 'clip_rewards': False, 'Actor': {'learning_rate': 0.0003, 'linear_hidden_units': [64, 64], 'final_layer_activation': 'Softmax', 'batch_norm': False, 'tau': 0.005, 'gradient_clipping_norm': 5, 'initialiser': 'Xavier'}, 'Critic': {'learning_rate': 0.0003, 'linear_hidden_units': [64, 64], 'final_layer_activation': None, 'batch_norm': False, 'buffer_size': 1000000, 'tau': 0.005, 'gradient_clipping_norm': 5, 'initialiser': 'Xavier'}, 'min_steps_before_learning': 400, 'batch_size': 256, 'mu': 0.0, 'theta': 0.15, 'sigma': 0.25, 'action_noise_std': 0.2, 'action_noise_clipping_range': 0.5, 'update_every_n_steps': 1, 'learning_updates_per_learning_session': 1, 'automatically_tune_entropy_hyperparameter': True, 'entropy_term_weight': None, 'add_extra_noise': False, 'do_evaluation_iterations': True}
2021-09-12 09:52:05,330 - agents.Base_Agent - INFO - 5 -- {'learning_rate': 0.005, 'linear_hidden_units': [20, 10], 'final_layer_activation': ['SOFTMAX', None], 'gradient_clipping_norm': 5.0, 'discount_rate': 0.99, 'epsilon_decay_rate_denominator': 1.0, 'normalise_rewards': True, 'exploration_worker_difference': 2.0, 'clip_rewards': False, 'Actor': {'learning_rate': 0.0003, 'linear_hidden_units': [64, 64], 'final_layer_activation': 'Softmax', 'batch_norm': False, 'tau': 0.005, 'gradient_clipping_norm': 5, 'initialiser': 'Xavier'}, 'Critic': {'learning_rate': 0.0003, 'linear_hidden_units': [64, 64], 'final_layer_activation': None, 'batch_norm': False, 'buffer_size': 1000000, 'tau': 0.005, 'gradient_clipping_norm': 5, 'initialiser': 'Xavier'}, 'min_steps_before_learning': 400, 'batch_size': 256, 'mu': 0.0, 'theta': 0.15, 'sigma': 0.25, 'action_noise_std': 0.2, 'action_noise_clipping_range': 0.5, 'update_every_n_steps': 1, 'learning_updates_per_learning_session': 1, 'automatically_tune_entropy_hyperparameter': True, 'entropy_term_weight': None, 'add_extra_noise': False, 'do_evaluation_iterations': True}
2021-09-12 09:52:05,330 - agents.Base_Agent - INFO - 5 -- {'learning_rate': 0.005, 'linear_hidden_units': [20, 10], 'final_layer_activation': ['SOFTMAX', None], 'gradient_clipping_norm': 5.0, 'discount_rate': 0.99, 'epsilon_decay_rate_denominator': 1.0, 'normalise_rewards': True, 'exploration_worker_difference': 2.0, 'clip_rewards': False, 'Actor': {'learning_rate': 0.0003, 'linear_hidden_units': [64, 64], 'final_layer_activation': 'Softmax', 'batch_norm': False, 'tau': 0.005, 'gradient_clipping_norm': 5, 'initialiser': 'Xavier'}, 'Critic': {'learning_rate': 0.0003, 'linear_hidden_units': [64, 64], 'final_layer_activation': None, 'batch_norm': False, 'buffer_size': 1000000, 'tau': 0.005, 'gradient_clipping_norm': 5, 'initialiser': 'Xavier'}, 'min_steps_before_learning': 400, 'batch_size': 256, 'mu': 0.0, 'theta': 0.15, 'sigma': 0.25, 'action_noise_std': 0.2, 'action_noise_clipping_range': 0.5, 'update_every_n_steps': 1, 'learning_updates_per_learning_session': 1, 'automatically_tune_entropy_hyperparameter': True, 'entropy_term_weight': None, 'add_extra_noise': False, 'do_evaluation_iterations': True}
2021-09-12 09:52:05,330 - agents.Base_Agent - INFO - 6 -- 195.0
2021-09-12 09:52:05,330 - agents.Base_Agent - INFO - 6 -- 195.0
2021-09-12 09:52:05,330 - agents.Base_Agent - INFO - 6 -- 195.0
2021-09-12 09:52:05,330 - agents.Base_Agent - INFO - 6 -- 195.0
2021-09-12 09:52:05,330 - agents.Base_Agent - INFO - 6 -- 195.0
2021-09-12 09:52:05,330 - agents.Base_Agent - INFO - 6 -- 195.0
2021-09-12 09:52:05,330 - agents.Base_Agent - INFO - 6 -- 195.0
2021-09-12 09:52:05,330 - agents.Base_Agent - INFO - 6 -- 195.0
2021-09-12 09:52:05,330 - agents.Base_Agent - INFO - 6 -- 195.0
2021-09-12 09:52:05,330 - agents.Base_Agent - INFO - 6 -- 195.0
2021-09-12 09:52:05,331 - agents.Base_Agent - INFO - 7 -- 100
2021-09-12 09:52:05,331 - agents.Base_Agent - INFO - 7 -- 100
2021-09-12 09:52:05,331 - agents.Base_Agent - INFO - 7 -- 100
2021-09-12 09:52:05,331 - agents.Base_Agent - INFO - 7 -- 100
2021-09-12 09:52:05,331 - agents.Base_Agent - INFO - 7 -- 100
2021-09-12 09:52:05,331 - agents.Base_Agent - INFO - 7 -- 100
2021-09-12 09:52:05,331 - agents.Base_Agent - INFO - 7 -- 100
2021-09-12 09:52:05,331 - agents.Base_Agent - INFO - 7 -- 100
2021-09-12 09:52:05,331 - agents.Base_Agent - INFO - 7 -- 100
2021-09-12 09:52:05,331 - agents.Base_Agent - INFO - 7 -- 100
2021-09-12 09:52:05,331 - agents.Base_Agent - INFO - 8 -- cpu
2021-09-12 09:52:05,331 - agents.Base_Agent - INFO - 8 -- cpu
2021-09-12 09:52:05,331 - agents.Base_Agent - INFO - 8 -- cpu
2021-09-12 09:52:05,331 - agents.Base_Agent - INFO - 8 -- cpu
2021-09-12 09:52:05,331 - agents.Base_Agent - INFO - 8 -- cpu
2021-09-12 09:52:05,331 - agents.Base_Agent - INFO - 8 -- cpu
2021-09-12 09:52:05,331 - agents.Base_Agent - INFO - 8 -- cpu
2021-09-12 09:52:05,331 - agents.Base_Agent - INFO - 8 -- cpu
2021-09-12 09:52:05,331 - agents.Base_Agent - INFO - 8 -- cpu
2021-09-12 09:52:05,331 - agents.Base_Agent - INFO - 8 -- cpu
